2016-02-03 01:06:08,343 INFO  - HHH000230: Schema export complete
2016-02-03 01:06:08,504 INFO  - saveOrUpdate(t):clientId=1, fio=client fio2, login=client login2, password=client password
2016-02-03 01:06:08,531 INFO  - Save or update (commit):clientId=1, fio=client fio2, login=client login2, password=client password
2016-02-03 01:06:08,534 INFO  - saveOrUpdate(t):id=2, num=ORD-20, price=250.0, dateOpen=Wed Feb 03 01:06:05 MSK 2016, statusId=2
2016-02-03 01:06:08,564 INFO  - Save or update (commit):id=2, num=ORD-20, price=250.0, dateOpen=Wed Feb 03 01:06:05 MSK 2016, statusId=2
2016-02-03 01:06:08,565 INFO  - HHH000030: Cleaning up connection pool [jdbc:mysql://localhost:3306/optpayments]
2016-02-03 01:06:31,241 INFO  - HCANN000001: Hibernate Commons Annotations {4.0.5.Final}
2016-02-03 01:06:31,251 INFO  - HHH000412: Hibernate Core {4.3.6.Final}
2016-02-03 01:06:31,255 INFO  - HHH000206: hibernate.properties not found
2016-02-03 01:06:31,259 INFO  - HHH000021: Bytecode provider name : javassist
2016-02-03 01:06:31,296 INFO  - HHH000043: Configuring from resource: /hibernate.cfg.xml
2016-02-03 01:06:31,296 INFO  - HHH000040: Configuration resource: /hibernate.cfg.xml
2016-02-03 01:06:31,352 WARN  - HHH000223: Recognized obsolete hibernate namespace http://hibernate.sourceforge.net/. Use namespace http://www.hibernate.org/dtd/ instead. Refer to Hibernate 3.6 Migration Guide!
2016-02-03 01:06:31,392 INFO  - HHH000041: Configured SessionFactory: null
2016-02-03 01:06:31,516 WARN  - HHH000402: Using Hibernate built-in connection pool (not for production use!)
2016-02-03 01:06:31,524 INFO  - HHH000401: using driver [com.mysql.jdbc.Driver] at URL [jdbc:mysql://localhost:3306/optpayments]
2016-02-03 01:06:31,525 INFO  - HHH000046: Connection properties: {user=root, password=****}
2016-02-03 01:06:31,525 INFO  - HHH000006: Autocommit mode: false
2016-02-03 01:06:31,527 INFO  - HHH000115: Hibernate connection pool size: 10 (min=1)
2016-02-03 01:06:31,927 INFO  - HHH000400: Using dialect: org.hibernate.dialect.MySQLDialect
2016-02-03 01:06:32,150 INFO  - HHH000399: Using default transaction strategy (direct JDBC transactions)
2016-02-03 01:06:32,156 INFO  - HHH000397: Using ASTQueryTranslatorFactory
2016-02-03 01:06:32,645 INFO  - HHH000227: Running hbm2ddl schema export
2016-02-03 01:06:33,555 INFO  - HHH000230: Schema export complete
2016-02-03 01:06:33,695 INFO  - saveOrUpdate(t):clientId=1, fio=client fio2, login=client login2, password=client password
2016-02-03 01:06:33,737 INFO  - Save or update (commit):clientId=1, fio=client fio2, login=client login2, password=client password
2016-02-03 01:06:33,740 INFO  - saveOrUpdate(t):id=2, num=ORD-20, price=250.0, dateOpen=Wed Feb 03 01:06:31 MSK 2016, statusId=2
2016-02-03 01:06:33,765 INFO  - Save or update (commit):id=2, num=ORD-20, price=250.0, dateOpen=Wed Feb 03 01:06:31 MSK 2016, statusId=2
2016-02-03 01:06:33,766 INFO  - HHH000030: Cleaning up connection pool [jdbc:mysql://localhost:3306/optpayments]
2016-02-03 01:12:01,304 INFO  - HCANN000001: Hibernate Commons Annotations {4.0.5.Final}
2016-02-03 01:12:01,314 INFO  - HHH000412: Hibernate Core {4.3.6.Final}
2016-02-03 01:12:01,318 INFO  - HHH000206: hibernate.properties not found
2016-02-03 01:12:01,322 INFO  - HHH000021: Bytecode provider name : javassist
2016-02-03 01:12:01,356 INFO  - HHH000043: Configuring from resource: /hibernate.cfg.xml
2016-02-03 01:12:01,357 INFO  - HHH000040: Configuration resource: /hibernate.cfg.xml
2016-02-03 01:12:01,412 WARN  - HHH000223: Recognized obsolete hibernate namespace http://hibernate.sourceforge.net/. Use namespace http://www.hibernate.org/dtd/ instead. Refer to Hibernate 3.6 Migration Guide!
2016-02-03 01:12:01,452 INFO  - HHH000041: Configured SessionFactory: null
2016-02-03 01:12:01,595 WARN  - HHH000402: Using Hibernate built-in connection pool (not for production use!)
2016-02-03 01:12:01,605 INFO  - HHH000401: using driver [com.mysql.jdbc.Driver] at URL [jdbc:mysql://localhost:3306/optpayments]
2016-02-03 01:12:01,606 INFO  - HHH000046: Connection properties: {user=root, password=****}
2016-02-03 01:12:01,606 INFO  - HHH000006: Autocommit mode: false
2016-02-03 01:12:01,608 INFO  - HHH000115: Hibernate connection pool size: 10 (min=1)
2016-02-03 01:12:01,954 INFO  - HHH000400: Using dialect: org.hibernate.dialect.MySQLDialect
2016-02-03 01:12:02,174 INFO  - HHH000399: Using default transaction strategy (direct JDBC transactions)
2016-02-03 01:12:02,179 INFO  - HHH000397: Using ASTQueryTranslatorFactory
2016-02-03 01:12:02,665 INFO  - HHH000227: Running hbm2ddl schema export
2016-02-03 01:12:03,535 INFO  - HHH000230: Schema export complete
2016-02-03 01:12:03,686 INFO  - saveOrUpdate(t):clientId=1, fio=client fio2, login=client login2, password=client password
2016-02-03 01:12:03,723 INFO  - Save or update (commit):clientId=1, fio=client fio2, login=client login2, password=client password
2016-02-03 01:12:03,726 INFO  - saveOrUpdate(t):id=2, num=ORD-20, price=250.0, dateOpen=Wed Feb 03 01:12:01 MSK 2016, statusId=2
2016-02-03 01:12:03,737 ERROR - Error save or update class by.st.opt.payments.dao.pojos.Order in Daoorg.hibernate.StaleStateException: Batch update returned unexpected row count from update [0]; actual row count: 0; expected: 1
2016-02-03 01:12:03,739 INFO  - HHH000030: Cleaning up connection pool [jdbc:mysql://localhost:3306/optpayments]
2016-02-03 01:12:11,126 INFO  - HCANN000001: Hibernate Commons Annotations {4.0.5.Final}
2016-02-03 01:12:11,136 INFO  - HHH000412: Hibernate Core {4.3.6.Final}
2016-02-03 01:12:11,139 INFO  - HHH000206: hibernate.properties not found
2016-02-03 01:12:11,142 INFO  - HHH000021: Bytecode provider name : javassist
2016-02-03 01:12:11,176 INFO  - HHH000043: Configuring from resource: /hibernate.cfg.xml
2016-02-03 01:12:11,176 INFO  - HHH000040: Configuration resource: /hibernate.cfg.xml
2016-02-03 01:12:11,230 WARN  - HHH000223: Recognized obsolete hibernate namespace http://hibernate.sourceforge.net/. Use namespace http://www.hibernate.org/dtd/ instead. Refer to Hibernate 3.6 Migration Guide!
2016-02-03 01:12:11,271 INFO  - HHH000041: Configured SessionFactory: null
2016-02-03 01:12:11,382 WARN  - HHH000402: Using Hibernate built-in connection pool (not for production use!)
2016-02-03 01:12:11,390 INFO  - HHH000401: using driver [com.mysql.jdbc.Driver] at URL [jdbc:mysql://localhost:3306/optpayments]
2016-02-03 01:12:11,391 INFO  - HHH000046: Connection properties: {user=root, password=****}
2016-02-03 01:12:11,391 INFO  - HHH000006: Autocommit mode: false
2016-02-03 01:12:11,393 INFO  - HHH000115: Hibernate connection pool size: 10 (min=1)
2016-02-03 01:12:11,744 INFO  - HHH000400: Using dialect: org.hibernate.dialect.MySQLDialect
2016-02-03 01:12:12,002 INFO  - HHH000399: Using default transaction strategy (direct JDBC transactions)
2016-02-03 01:12:12,007 INFO  - HHH000397: Using ASTQueryTranslatorFactory
2016-02-03 01:12:12,489 INFO  - HHH000227: Running hbm2ddl schema export
2016-02-03 01:12:13,426 INFO  - HHH000230: Schema export complete
2016-02-03 01:12:13,597 INFO  - saveOrUpdate(t):clientId=1, fio=client fio2, login=client login2, password=client password
2016-02-03 01:12:13,625 INFO  - Save or update (commit):clientId=1, fio=client fio2, login=client login2, password=client password
2016-02-03 01:12:13,630 INFO  - saveOrUpdate(t):id=2, num=ORD-20, price=250.0, dateOpen=Wed Feb 03 01:12:10 MSK 2016, statusId=2
2016-02-03 01:12:13,658 INFO  - Save or update (commit):id=2, num=ORD-20, price=250.0, dateOpen=Wed Feb 03 01:12:10 MSK 2016, statusId=2
2016-02-03 01:12:13,659 INFO  - HHH000030: Cleaning up connection pool [jdbc:mysql://localhost:3306/optpayments]
2016-02-03 01:13:29,317 INFO  - HCANN000001: Hibernate Commons Annotations {4.0.5.Final}
2016-02-03 01:13:29,326 INFO  - HHH000412: Hibernate Core {4.3.6.Final}
2016-02-03 01:13:29,329 INFO  - HHH000206: hibernate.properties not found
2016-02-03 01:13:29,332 INFO  - HHH000021: Bytecode provider name : javassist
2016-02-03 01:13:29,362 INFO  - HHH000043: Configuring from resource: /hibernate.cfg.xml
2016-02-03 01:13:29,362 INFO  - HHH000040: Configuration resource: /hibernate.cfg.xml
2016-02-03 01:13:29,416 WARN  - HHH000223: Recognized obsolete hibernate namespace http://hibernate.sourceforge.net/. Use namespace http://www.hibernate.org/dtd/ instead. Refer to Hibernate 3.6 Migration Guide!
2016-02-03 01:13:29,456 INFO  - HHH000041: Configured SessionFactory: null
2016-02-03 01:13:29,565 WARN  - HHH000402: Using Hibernate built-in connection pool (not for production use!)
2016-02-03 01:13:29,572 INFO  - HHH000401: using driver [com.mysql.jdbc.Driver] at URL [jdbc:mysql://localhost:3306/optpayments]
2016-02-03 01:13:29,573 INFO  - HHH000046: Connection properties: {user=root, password=****}
2016-02-03 01:13:29,573 INFO  - HHH000006: Autocommit mode: false
2016-02-03 01:13:29,575 INFO  - HHH000115: Hibernate connection pool size: 10 (min=1)
2016-02-03 01:13:29,900 INFO  - HHH000400: Using dialect: org.hibernate.dialect.MySQLDialect
2016-02-03 01:13:30,129 INFO  - HHH000399: Using default transaction strategy (direct JDBC transactions)
2016-02-03 01:13:30,134 INFO  - HHH000397: Using ASTQueryTranslatorFactory
2016-02-03 01:13:30,637 INFO  - HHH000227: Running hbm2ddl schema export
2016-02-03 01:13:31,496 INFO  - HHH000230: Schema export complete
2016-02-03 01:13:31,643 INFO  - saveOrUpdate(t):clientId=1, fio=client fio2, login=client login2, password=client password
2016-02-03 01:13:31,663 INFO  - Save or update (commit):clientId=1, fio=client fio2, login=client login2, password=client password
2016-02-03 01:13:31,667 INFO  - saveOrUpdate(t):paymentId=2, amount=500.0, datePayment=Wed Feb 03 01:13:31 MSK 2016
2016-02-03 01:13:31,695 INFO  - Save or update (commit):paymentId=2, amount=500.0, datePayment=Wed Feb 03 01:13:31 MSK 2016
2016-02-03 01:13:31,696 INFO  - HHH000030: Cleaning up connection pool [jdbc:mysql://localhost:3306/optpayments]
2016-02-03 01:13:50,132 INFO  - HCANN000001: Hibernate Commons Annotations {4.0.5.Final}
2016-02-03 01:13:50,140 INFO  - HHH000412: Hibernate Core {4.3.6.Final}
2016-02-03 01:13:50,143 INFO  - HHH000206: hibernate.properties not found
2016-02-03 01:13:50,146 INFO  - HHH000021: Bytecode provider name : javassist
2016-02-03 01:13:50,179 INFO  - HHH000043: Configuring from resource: /hibernate.cfg.xml
2016-02-03 01:13:50,179 INFO  - HHH000040: Configuration resource: /hibernate.cfg.xml
2016-02-03 01:13:50,245 WARN  - HHH000223: Recognized obsolete hibernate namespace http://hibernate.sourceforge.net/. Use namespace http://www.hibernate.org/dtd/ instead. Refer to Hibernate 3.6 Migration Guide!
2016-02-03 01:13:50,293 INFO  - HHH000041: Configured SessionFactory: null
2016-02-03 01:13:50,413 WARN  - HHH000402: Using Hibernate built-in connection pool (not for production use!)
2016-02-03 01:13:50,420 INFO  - HHH000401: using driver [com.mysql.jdbc.Driver] at URL [jdbc:mysql://localhost:3306/optpayments]
2016-02-03 01:13:50,421 INFO  - HHH000046: Connection properties: {user=root, password=****}
2016-02-03 01:13:50,421 INFO  - HHH000006: Autocommit mode: false
2016-02-03 01:13:50,423 INFO  - HHH000115: Hibernate connection pool size: 10 (min=1)
2016-02-03 01:13:50,750 INFO  - HHH000400: Using dialect: org.hibernate.dialect.MySQLDialect
2016-02-03 01:13:50,980 INFO  - HHH000399: Using default transaction strategy (direct JDBC transactions)
2016-02-03 01:13:50,985 INFO  - HHH000397: Using ASTQueryTranslatorFactory
2016-02-03 01:13:51,478 INFO  - HHH000227: Running hbm2ddl schema export
2016-02-03 01:13:52,452 INFO  - HHH000230: Schema export complete
2016-02-03 01:13:52,599 INFO  - saveOrUpdate(t):clientId=1, fio=client fio2, login=client login2, password=client password
2016-02-03 01:13:52,630 INFO  - Save or update (commit):clientId=1, fio=client fio2, login=client login2, password=client password
2016-02-03 01:13:52,634 INFO  - saveOrUpdate(t):paymentId=2, amount=500.0, datePayment=Wed Feb 03 01:13:52 MSK 2016
2016-02-03 01:13:52,663 INFO  - Save or update (commit):paymentId=2, amount=500.0, datePayment=Wed Feb 03 01:13:52 MSK 2016
2016-02-03 01:13:52,663 INFO  - HHH000030: Cleaning up connection pool [jdbc:mysql://localhost:3306/optpayments]
2016-02-03 01:14:46,644 INFO  - HCANN000001: Hibernate Commons Annotations {4.0.5.Final}
2016-02-03 01:14:46,653 INFO  - HHH000412: Hibernate Core {4.3.6.Final}
2016-02-03 01:14:46,657 INFO  - HHH000206: hibernate.properties not found
2016-02-03 01:14:46,660 INFO  - HHH000021: Bytecode provider name : javassist
2016-02-03 01:14:46,687 INFO  - HHH000043: Configuring from resource: /hibernate.cfg.xml
2016-02-03 01:14:46,687 INFO  - HHH000040: Configuration resource: /hibernate.cfg.xml
2016-02-03 01:14:46,746 WARN  - HHH000223: Recognized obsolete hibernate namespace http://hibernate.sourceforge.net/. Use namespace http://www.hibernate.org/dtd/ instead. Refer to Hibernate 3.6 Migration Guide!
2016-02-03 01:14:46,786 INFO  - HHH000041: Configured SessionFactory: null
2016-02-03 01:14:46,904 WARN  - HHH000402: Using Hibernate built-in connection pool (not for production use!)
2016-02-03 01:14:46,912 INFO  - HHH000401: using driver [com.mysql.jdbc.Driver] at URL [jdbc:mysql://localhost:3306/optpayments]
2016-02-03 01:14:46,913 INFO  - HHH000046: Connection properties: {user=root, password=****}
2016-02-03 01:14:46,913 INFO  - HHH000006: Autocommit mode: false
2016-02-03 01:14:46,915 INFO  - HHH000115: Hibernate connection pool size: 10 (min=1)
2016-02-03 01:14:47,267 INFO  - HHH000400: Using dialect: org.hibernate.dialect.MySQLDialect
2016-02-03 01:14:47,504 INFO  - HHH000399: Using default transaction strategy (direct JDBC transactions)
2016-02-03 01:14:47,509 INFO  - HHH000397: Using ASTQueryTranslatorFactory
2016-02-03 01:14:47,999 INFO  - HHH000227: Running hbm2ddl schema export
2016-02-03 01:14:48,888 INFO  - HHH000230: Schema export complete
2016-02-03 01:14:49,046 INFO  - saveOrUpdate(t):clientId=1, fio=client fio2, login=client login2, password=client password
2016-02-03 01:14:49,088 INFO  - Save or update (commit):clientId=1, fio=client fio2, login=client login2, password=client password
2016-02-03 01:14:49,091 INFO  - saveOrUpdate(t):id=2, num=ORD-20, price=250.0, dateOpen=Wed Feb 03 01:14:46 MSK 2016, statusId=2
2016-02-03 01:14:49,121 INFO  - Save or update (commit):id=2, num=ORD-20, price=250.0, dateOpen=Wed Feb 03 01:14:46 MSK 2016, statusId=2
2016-02-03 01:14:49,121 INFO  - HHH000030: Cleaning up connection pool [jdbc:mysql://localhost:3306/optpayments]
2016-02-03 01:15:31,734 INFO  - HCANN000001: Hibernate Commons Annotations {4.0.5.Final}
2016-02-03 01:15:31,746 INFO  - HHH000412: Hibernate Core {4.3.6.Final}
2016-02-03 01:15:31,749 INFO  - HHH000206: hibernate.properties not found
2016-02-03 01:15:31,752 INFO  - HHH000021: Bytecode provider name : javassist
2016-02-03 01:15:31,785 INFO  - HHH000043: Configuring from resource: /hibernate.cfg.xml
2016-02-03 01:15:31,785 INFO  - HHH000040: Configuration resource: /hibernate.cfg.xml
2016-02-03 01:15:31,840 WARN  - HHH000223: Recognized obsolete hibernate namespace http://hibernate.sourceforge.net/. Use namespace http://www.hibernate.org/dtd/ instead. Refer to Hibernate 3.6 Migration Guide!
2016-02-03 01:15:31,877 INFO  - HHH000041: Configured SessionFactory: null
2016-02-03 01:15:32,023 WARN  - HHH000402: Using Hibernate built-in connection pool (not for production use!)
2016-02-03 01:15:32,033 INFO  - HHH000401: using driver [com.mysql.jdbc.Driver] at URL [jdbc:mysql://localhost:3306/optpayments]
2016-02-03 01:15:32,033 INFO  - HHH000046: Connection properties: {user=root, password=****}
2016-02-03 01:15:32,033 INFO  - HHH000006: Autocommit mode: false
2016-02-03 01:15:32,035 INFO  - HHH000115: Hibernate connection pool size: 10 (min=1)
2016-02-03 01:15:32,391 INFO  - HHH000400: Using dialect: org.hibernate.dialect.MySQLDialect
2016-02-03 01:15:32,610 INFO  - HHH000399: Using default transaction strategy (direct JDBC transactions)
2016-02-03 01:15:32,615 INFO  - HHH000397: Using ASTQueryTranslatorFactory
2016-02-03 01:15:33,100 INFO  - HHH000227: Running hbm2ddl schema export
2016-02-03 01:15:33,924 INFO  - HHH000230: Schema export complete
2016-02-03 01:15:34,071 INFO  - saveOrUpdate(t):clientId=1, fio=client fio2, login=client login2, password=client password
2016-02-03 01:15:34,112 INFO  - Save or update (commit):clientId=1, fio=client fio2, login=client login2, password=client password
2016-02-03 01:15:34,116 INFO  - saveOrUpdate(t):id=2, num=ORD-20, price=250.0, dateOpen=Wed Feb 03 01:15:31 MSK 2016, statusId=2
2016-02-03 01:15:34,117 ERROR - Error save or update class by.st.opt.payments.dao.pojos.Order in Daoorg.hibernate.id.IdentifierGenerationException: attempted to assign id from null one-to-one property [by.st.opt.payments.dao.pojos.Payment.order]
2016-02-03 01:15:34,119 INFO  - HHH000030: Cleaning up connection pool [jdbc:mysql://localhost:3306/optpayments]
2016-02-03 01:15:48,140 INFO  - HCANN000001: Hibernate Commons Annotations {4.0.5.Final}
2016-02-03 01:15:48,150 INFO  - HHH000412: Hibernate Core {4.3.6.Final}
2016-02-03 01:15:48,154 INFO  - HHH000206: hibernate.properties not found
2016-02-03 01:15:48,157 INFO  - HHH000021: Bytecode provider name : javassist
2016-02-03 01:15:48,190 INFO  - HHH000043: Configuring from resource: /hibernate.cfg.xml
2016-02-03 01:15:48,190 INFO  - HHH000040: Configuration resource: /hibernate.cfg.xml
2016-02-03 01:15:48,248 WARN  - HHH000223: Recognized obsolete hibernate namespace http://hibernate.sourceforge.net/. Use namespace http://www.hibernate.org/dtd/ instead. Refer to Hibernate 3.6 Migration Guide!
2016-02-03 01:15:48,292 INFO  - HHH000041: Configured SessionFactory: null
2016-02-03 01:15:48,406 WARN  - HHH000402: Using Hibernate built-in connection pool (not for production use!)
2016-02-03 01:15:48,414 INFO  - HHH000401: using driver [com.mysql.jdbc.Driver] at URL [jdbc:mysql://localhost:3306/optpayments]
2016-02-03 01:15:48,415 INFO  - HHH000046: Connection properties: {user=root, password=****}
2016-02-03 01:15:48,415 INFO  - HHH000006: Autocommit mode: false
2016-02-03 01:15:48,416 INFO  - HHH000115: Hibernate connection pool size: 10 (min=1)
2016-02-03 01:15:48,778 INFO  - HHH000400: Using dialect: org.hibernate.dialect.MySQLDialect
2016-02-03 01:15:49,011 INFO  - HHH000399: Using default transaction strategy (direct JDBC transactions)
2016-02-03 01:15:49,015 INFO  - HHH000397: Using ASTQueryTranslatorFactory
2016-02-03 01:15:49,497 INFO  - HHH000227: Running hbm2ddl schema export
2016-02-03 01:15:50,524 INFO  - HHH000230: Schema export complete
2016-02-03 01:15:50,672 INFO  - saveOrUpdate(t):clientId=1, fio=client fio2, login=client login2, password=client password
2016-02-03 01:15:50,713 INFO  - Save or update (commit):clientId=1, fio=client fio2, login=client login2, password=client password
2016-02-03 01:15:50,718 INFO  - saveOrUpdate(t):paymentId=2, amount=500.0, datePayment=Wed Feb 03 01:15:50 MSK 2016
2016-02-03 01:15:50,757 INFO  - Save or update (commit):paymentId=2, amount=500.0, datePayment=Wed Feb 03 01:15:50 MSK 2016
2016-02-03 01:15:50,757 INFO  - HHH000030: Cleaning up connection pool [jdbc:mysql://localhost:3306/optpayments]
2016-02-03 01:16:17,381 INFO  - HCANN000001: Hibernate Commons Annotations {4.0.5.Final}
2016-02-03 01:16:17,391 INFO  - HHH000412: Hibernate Core {4.3.6.Final}
2016-02-03 01:16:17,394 INFO  - HHH000206: hibernate.properties not found
2016-02-03 01:16:17,397 INFO  - HHH000021: Bytecode provider name : javassist
2016-02-03 01:16:17,429 INFO  - HHH000043: Configuring from resource: /hibernate.cfg.xml
2016-02-03 01:16:17,429 INFO  - HHH000040: Configuration resource: /hibernate.cfg.xml
2016-02-03 01:16:17,484 WARN  - HHH000223: Recognized obsolete hibernate namespace http://hibernate.sourceforge.net/. Use namespace http://www.hibernate.org/dtd/ instead. Refer to Hibernate 3.6 Migration Guide!
2016-02-03 01:16:17,523 INFO  - HHH000041: Configured SessionFactory: null
2016-02-03 01:16:17,633 WARN  - HHH000402: Using Hibernate built-in connection pool (not for production use!)
2016-02-03 01:16:17,641 INFO  - HHH000401: using driver [com.mysql.jdbc.Driver] at URL [jdbc:mysql://localhost:3306/optpayments]
2016-02-03 01:16:17,642 INFO  - HHH000046: Connection properties: {user=root, password=****}
2016-02-03 01:16:17,642 INFO  - HHH000006: Autocommit mode: false
2016-02-03 01:16:17,644 INFO  - HHH000115: Hibernate connection pool size: 10 (min=1)
2016-02-03 01:16:18,027 INFO  - HHH000400: Using dialect: org.hibernate.dialect.MySQLDialect
2016-02-03 01:16:18,379 INFO  - HHH000399: Using default transaction strategy (direct JDBC transactions)
2016-02-03 01:16:18,386 INFO  - HHH000397: Using ASTQueryTranslatorFactory
2016-02-03 01:16:18,950 INFO  - HHH000227: Running hbm2ddl schema export
2016-02-03 01:16:19,803 INFO  - HHH000230: Schema export complete
2016-02-03 01:16:19,949 INFO  - saveOrUpdate(t):clientId=1, fio=client fio2, login=client login2, password=client password
2016-02-03 01:16:19,982 INFO  - Save or update (commit):clientId=1, fio=client fio2, login=client login2, password=client password
2016-02-03 01:16:19,985 INFO  - saveOrUpdate(t):id=2, num=ORD-20, price=250.0, dateOpen=Wed Feb 03 01:16:17 MSK 2016, statusId=10
2016-02-03 01:16:20,025 INFO  - Save or update (commit):id=2, num=ORD-20, price=250.0, dateOpen=Wed Feb 03 01:16:17 MSK 2016, statusId=10
2016-02-03 01:16:20,025 INFO  - HHH000030: Cleaning up connection pool [jdbc:mysql://localhost:3306/optpayments]
2016-02-03 01:16:34,397 INFO  - HCANN000001: Hibernate Commons Annotations {4.0.5.Final}
2016-02-03 01:16:34,405 INFO  - HHH000412: Hibernate Core {4.3.6.Final}
2016-02-03 01:16:34,408 INFO  - HHH000206: hibernate.properties not found
2016-02-03 01:16:34,411 INFO  - HHH000021: Bytecode provider name : javassist
2016-02-03 01:16:34,441 INFO  - HHH000043: Configuring from resource: /hibernate.cfg.xml
2016-02-03 01:16:34,441 INFO  - HHH000040: Configuration resource: /hibernate.cfg.xml
2016-02-03 01:16:34,497 WARN  - HHH000223: Recognized obsolete hibernate namespace http://hibernate.sourceforge.net/. Use namespace http://www.hibernate.org/dtd/ instead. Refer to Hibernate 3.6 Migration Guide!
2016-02-03 01:16:34,534 INFO  - HHH000041: Configured SessionFactory: null
2016-02-03 01:16:34,643 WARN  - HHH000402: Using Hibernate built-in connection pool (not for production use!)
2016-02-03 01:16:34,652 INFO  - HHH000401: using driver [com.mysql.jdbc.Driver] at URL [jdbc:mysql://localhost:3306/optpayments]
2016-02-03 01:16:34,652 INFO  - HHH000046: Connection properties: {user=root, password=****}
2016-02-03 01:16:34,652 INFO  - HHH000006: Autocommit mode: false
2016-02-03 01:16:34,654 INFO  - HHH000115: Hibernate connection pool size: 10 (min=1)
2016-02-03 01:16:35,003 INFO  - HHH000400: Using dialect: org.hibernate.dialect.MySQLDialect
2016-02-03 01:16:35,236 INFO  - HHH000399: Using default transaction strategy (direct JDBC transactions)
2016-02-03 01:16:35,242 INFO  - HHH000397: Using ASTQueryTranslatorFactory
2016-02-03 01:16:35,724 INFO  - HHH000227: Running hbm2ddl schema export
2016-02-03 01:16:36,637 INFO  - HHH000230: Schema export complete
2016-02-03 01:16:36,788 INFO  - saveOrUpdate(t):clientId=1, fio=client fio2, login=client login2, password=client password
2016-02-03 01:16:36,826 INFO  - Save or update (commit):clientId=1, fio=client fio2, login=client login2, password=client password
2016-02-03 01:16:36,829 INFO  - saveOrUpdate(t):id=2, num=ORD-20, price=250.0, dateOpen=Wed Feb 03 01:16:34 MSK 2016, statusId=2
2016-02-03 01:16:36,869 INFO  - Save or update (commit):id=2, num=ORD-20, price=250.0, dateOpen=Wed Feb 03 01:16:34 MSK 2016, statusId=2
2016-02-03 01:16:36,870 INFO  - HHH000030: Cleaning up connection pool [jdbc:mysql://localhost:3306/optpayments]
2016-02-03 01:16:52,068 INFO  - HCANN000001: Hibernate Commons Annotations {4.0.5.Final}
2016-02-03 01:16:52,081 INFO  - HHH000412: Hibernate Core {4.3.6.Final}
2016-02-03 01:16:52,084 INFO  - HHH000206: hibernate.properties not found
2016-02-03 01:16:52,089 INFO  - HHH000021: Bytecode provider name : javassist
2016-02-03 01:16:52,124 INFO  - HHH000043: Configuring from resource: /hibernate.cfg.xml
2016-02-03 01:16:52,125 INFO  - HHH000040: Configuration resource: /hibernate.cfg.xml
2016-02-03 01:16:52,192 WARN  - HHH000223: Recognized obsolete hibernate namespace http://hibernate.sourceforge.net/. Use namespace http://www.hibernate.org/dtd/ instead. Refer to Hibernate 3.6 Migration Guide!
2016-02-03 01:16:52,235 INFO  - HHH000041: Configured SessionFactory: null
2016-02-03 01:16:52,373 WARN  - HHH000402: Using Hibernate built-in connection pool (not for production use!)
2016-02-03 01:16:52,382 INFO  - HHH000401: using driver [com.mysql.jdbc.Driver] at URL [jdbc:mysql://localhost:3306/optpayments]
2016-02-03 01:16:52,383 INFO  - HHH000046: Connection properties: {user=root, password=****}
2016-02-03 01:16:52,383 INFO  - HHH000006: Autocommit mode: false
2016-02-03 01:16:52,385 INFO  - HHH000115: Hibernate connection pool size: 10 (min=1)
2016-02-03 01:16:52,803 INFO  - HHH000400: Using dialect: org.hibernate.dialect.MySQLDialect
2016-02-03 01:16:53,072 INFO  - HHH000399: Using default transaction strategy (direct JDBC transactions)
2016-02-03 01:16:53,079 INFO  - HHH000397: Using ASTQueryTranslatorFactory
2016-02-03 01:16:53,671 INFO  - HHH000227: Running hbm2ddl schema export
2016-02-03 01:16:54,549 INFO  - HHH000230: Schema export complete
2016-02-03 01:16:54,718 INFO  - saveOrUpdate(t):clientId=1, fio=client fio2, login=client login2, password=client password
2016-02-03 01:16:54,812 INFO  - Save or update (commit):clientId=1, fio=client fio2, login=client login2, password=client password
2016-02-03 01:16:54,816 INFO  - saveOrUpdate(t):paymentId=2, amount=500.0, datePayment=Wed Feb 03 01:16:54 MSK 2016
2016-02-03 01:16:54,849 INFO  - Save or update (commit):paymentId=2, amount=500.0, datePayment=Wed Feb 03 01:16:54 MSK 2016
2016-02-03 01:16:54,849 INFO  - HHH000030: Cleaning up connection pool [jdbc:mysql://localhost:3306/optpayments]
2016-02-03 01:18:16,270 INFO  - HCANN000001: Hibernate Commons Annotations {4.0.5.Final}
2016-02-03 01:18:16,280 INFO  - HHH000412: Hibernate Core {4.3.6.Final}
2016-02-03 01:18:16,284 INFO  - HHH000206: hibernate.properties not found
2016-02-03 01:18:16,287 INFO  - HHH000021: Bytecode provider name : javassist
2016-02-03 01:18:16,322 INFO  - HHH000043: Configuring from resource: /hibernate.cfg.xml
2016-02-03 01:18:16,323 INFO  - HHH000040: Configuration resource: /hibernate.cfg.xml
2016-02-03 01:18:16,383 WARN  - HHH000223: Recognized obsolete hibernate namespace http://hibernate.sourceforge.net/. Use namespace http://www.hibernate.org/dtd/ instead. Refer to Hibernate 3.6 Migration Guide!
2016-02-03 01:18:16,422 INFO  - HHH000041: Configured SessionFactory: null
2016-02-03 01:18:16,538 WARN  - HHH000402: Using Hibernate built-in connection pool (not for production use!)
2016-02-03 01:18:16,546 INFO  - HHH000401: using driver [com.mysql.jdbc.Driver] at URL [jdbc:mysql://localhost:3306/optpayments]
2016-02-03 01:18:16,546 INFO  - HHH000046: Connection properties: {user=root, password=****}
2016-02-03 01:18:16,546 INFO  - HHH000006: Autocommit mode: false
2016-02-03 01:18:16,548 INFO  - HHH000115: Hibernate connection pool size: 10 (min=1)
2016-02-03 01:18:16,899 INFO  - HHH000400: Using dialect: org.hibernate.dialect.MySQLDialect
2016-02-03 01:18:17,130 INFO  - HHH000399: Using default transaction strategy (direct JDBC transactions)
2016-02-03 01:18:17,136 INFO  - HHH000397: Using ASTQueryTranslatorFactory
2016-02-03 01:18:17,637 INFO  - HHH000227: Running hbm2ddl schema export
2016-02-03 01:18:18,476 INFO  - HHH000230: Schema export complete
2016-02-03 01:18:18,629 INFO  - saveOrUpdate(t):clientId=1, fio=client fio2, login=client login2, password=client password
2016-02-03 01:18:18,665 INFO  - Save or update (commit):clientId=1, fio=client fio2, login=client login2, password=client password
2016-02-03 01:18:18,669 INFO  - saveOrUpdate(t):paymentId=2, amount=500.0, datePayment=Wed Feb 03 01:18:18 MSK 2016
2016-02-03 01:18:18,709 INFO  - Save or update (commit):paymentId=2, amount=500.0, datePayment=Wed Feb 03 01:18:18 MSK 2016
2016-02-03 01:18:18,709 INFO  - HHH000030: Cleaning up connection pool [jdbc:mysql://localhost:3306/optpayments]
2016-02-03 01:19:47,924 INFO  - HCANN000001: Hibernate Commons Annotations {4.0.5.Final}
2016-02-03 01:19:47,939 INFO  - HHH000412: Hibernate Core {4.3.6.Final}
2016-02-03 01:19:47,942 INFO  - HHH000206: hibernate.properties not found
2016-02-03 01:19:47,949 INFO  - HHH000021: Bytecode provider name : javassist
2016-02-03 01:19:47,991 INFO  - HHH000043: Configuring from resource: /hibernate.cfg.xml
2016-02-03 01:19:47,991 INFO  - HHH000040: Configuration resource: /hibernate.cfg.xml
2016-02-03 01:19:48,066 WARN  - HHH000223: Recognized obsolete hibernate namespace http://hibernate.sourceforge.net/. Use namespace http://www.hibernate.org/dtd/ instead. Refer to Hibernate 3.6 Migration Guide!
2016-02-03 01:19:48,107 INFO  - HHH000041: Configured SessionFactory: null
2016-02-03 01:19:48,218 WARN  - HHH000402: Using Hibernate built-in connection pool (not for production use!)
2016-02-03 01:19:48,225 INFO  - HHH000401: using driver [com.mysql.jdbc.Driver] at URL [jdbc:mysql://localhost:3306/optpayments]
2016-02-03 01:19:48,226 INFO  - HHH000046: Connection properties: {user=root, password=****}
2016-02-03 01:19:48,226 INFO  - HHH000006: Autocommit mode: false
2016-02-03 01:19:48,228 INFO  - HHH000115: Hibernate connection pool size: 10 (min=1)
2016-02-03 01:19:48,554 INFO  - HHH000400: Using dialect: org.hibernate.dialect.MySQLDialect
2016-02-03 01:19:48,787 INFO  - HHH000399: Using default transaction strategy (direct JDBC transactions)
2016-02-03 01:19:48,791 INFO  - HHH000397: Using ASTQueryTranslatorFactory
2016-02-03 01:19:49,280 INFO  - HHH000227: Running hbm2ddl schema export
2016-02-03 01:19:50,158 INFO  - HHH000230: Schema export complete
2016-02-03 01:19:50,310 INFO  - saveOrUpdate(t):clientId=1, fio=client fio2, login=client login2, password=client password
2016-02-03 01:19:50,346 INFO  - Save or update (commit):clientId=1, fio=client fio2, login=client login2, password=client password
2016-02-03 01:19:50,350 INFO  - saveOrUpdate(t):paymentId=2, amount=500.0, datePayment=Wed Feb 03 01:19:50 MSK 2016
2016-02-03 01:19:50,390 INFO  - Save or update (commit):paymentId=2, amount=500.0, datePayment=Wed Feb 03 01:19:50 MSK 2016
2016-02-03 01:19:50,391 INFO  - HHH000030: Cleaning up connection pool [jdbc:mysql://localhost:3306/optpayments]
2016-02-03 01:22:48,161 INFO  - HCANN000001: Hibernate Commons Annotations {4.0.5.Final}
2016-02-03 01:22:48,172 INFO  - HHH000412: Hibernate Core {4.3.6.Final}
2016-02-03 01:22:48,176 INFO  - HHH000206: hibernate.properties not found
2016-02-03 01:22:48,180 INFO  - HHH000021: Bytecode provider name : javassist
2016-02-03 01:22:48,221 INFO  - HHH000043: Configuring from resource: /hibernate.cfg.xml
2016-02-03 01:22:48,222 INFO  - HHH000040: Configuration resource: /hibernate.cfg.xml
2016-02-03 01:22:48,287 WARN  - HHH000223: Recognized obsolete hibernate namespace http://hibernate.sourceforge.net/. Use namespace http://www.hibernate.org/dtd/ instead. Refer to Hibernate 3.6 Migration Guide!
2016-02-03 01:22:48,346 INFO  - HHH000041: Configured SessionFactory: null
2016-02-03 01:22:48,484 WARN  - HHH000402: Using Hibernate built-in connection pool (not for production use!)
2016-02-03 01:22:48,493 INFO  - HHH000401: using driver [com.mysql.jdbc.Driver] at URL [jdbc:mysql://localhost:3306/optpayments]
2016-02-03 01:22:48,494 INFO  - HHH000046: Connection properties: {user=root, password=****}
2016-02-03 01:22:48,494 INFO  - HHH000006: Autocommit mode: false
2016-02-03 01:22:48,496 INFO  - HHH000115: Hibernate connection pool size: 10 (min=1)
2016-02-03 01:22:48,898 INFO  - HHH000400: Using dialect: org.hibernate.dialect.MySQLDialect
2016-02-03 01:22:49,118 ERROR - Initial SessionFactory creation failed.org.hibernate.AnnotationException: Unknown Id.generator: gencl
2016-02-03 01:25:16,729 INFO  - HCANN000001: Hibernate Commons Annotations {4.0.5.Final}
2016-02-03 01:25:16,741 INFO  - HHH000412: Hibernate Core {4.3.6.Final}
2016-02-03 01:25:16,746 INFO  - HHH000206: hibernate.properties not found
2016-02-03 01:25:16,749 INFO  - HHH000021: Bytecode provider name : javassist
2016-02-03 01:25:16,787 INFO  - HHH000043: Configuring from resource: /hibernate.cfg.xml
2016-02-03 01:25:16,787 INFO  - HHH000040: Configuration resource: /hibernate.cfg.xml
2016-02-03 01:25:16,851 WARN  - HHH000223: Recognized obsolete hibernate namespace http://hibernate.sourceforge.net/. Use namespace http://www.hibernate.org/dtd/ instead. Refer to Hibernate 3.6 Migration Guide!
2016-02-03 01:25:16,895 INFO  - HHH000041: Configured SessionFactory: null
2016-02-03 01:25:17,031 WARN  - HHH000402: Using Hibernate built-in connection pool (not for production use!)
2016-02-03 01:25:17,040 INFO  - HHH000401: using driver [com.mysql.jdbc.Driver] at URL [jdbc:mysql://localhost:3306/optpayments]
2016-02-03 01:25:17,041 INFO  - HHH000046: Connection properties: {user=root, password=****}
2016-02-03 01:25:17,041 INFO  - HHH000006: Autocommit mode: false
2016-02-03 01:25:17,043 INFO  - HHH000115: Hibernate connection pool size: 10 (min=1)
2016-02-03 01:25:17,494 INFO  - HHH000400: Using dialect: org.hibernate.dialect.MySQLDialect
2016-02-03 01:25:17,760 INFO  - HHH000399: Using default transaction strategy (direct JDBC transactions)
2016-02-03 01:25:17,765 INFO  - HHH000397: Using ASTQueryTranslatorFactory
2016-02-03 01:25:18,363 INFO  - HHH000227: Running hbm2ddl schema export
2016-02-03 01:25:19,582 INFO  - HHH000230: Schema export complete
2016-02-03 01:25:19,752 INFO  - saveOrUpdate(t):clientId=1, fio=client fio2, login=client login2, password=client password
2016-02-03 01:25:19,814 INFO  - Save or update (commit):clientId=1, fio=client fio2, login=client login2, password=client password
2016-02-03 01:25:19,818 INFO  - saveOrUpdate(t):paymentId=2, amount=500.0, datePayment=Wed Feb 03 01:25:19 MSK 2016
2016-02-03 01:25:19,849 INFO  - Save or update (commit):paymentId=2, amount=500.0, datePayment=Wed Feb 03 01:25:19 MSK 2016
2016-02-03 01:25:19,850 INFO  - HHH000030: Cleaning up connection pool [jdbc:mysql://localhost:3306/optpayments]
2016-02-03 01:25:59,151 INFO  - HCANN000001: Hibernate Commons Annotations {4.0.5.Final}
2016-02-03 01:25:59,165 INFO  - HHH000412: Hibernate Core {4.3.6.Final}
2016-02-03 01:25:59,169 INFO  - HHH000206: hibernate.properties not found
2016-02-03 01:25:59,172 INFO  - HHH000021: Bytecode provider name : javassist
2016-02-03 01:25:59,203 INFO  - HHH000043: Configuring from resource: /hibernate.cfg.xml
2016-02-03 01:25:59,203 INFO  - HHH000040: Configuration resource: /hibernate.cfg.xml
2016-02-03 01:25:59,262 WARN  - HHH000223: Recognized obsolete hibernate namespace http://hibernate.sourceforge.net/. Use namespace http://www.hibernate.org/dtd/ instead. Refer to Hibernate 3.6 Migration Guide!
2016-02-03 01:25:59,306 INFO  - HHH000041: Configured SessionFactory: null
2016-02-03 01:25:59,419 WARN  - HHH000402: Using Hibernate built-in connection pool (not for production use!)
2016-02-03 01:25:59,428 INFO  - HHH000401: using driver [com.mysql.jdbc.Driver] at URL [jdbc:mysql://localhost:3306/optpayments]
2016-02-03 01:25:59,428 INFO  - HHH000046: Connection properties: {user=root, password=****}
2016-02-03 01:25:59,428 INFO  - HHH000006: Autocommit mode: false
2016-02-03 01:25:59,430 INFO  - HHH000115: Hibernate connection pool size: 10 (min=1)
2016-02-03 01:25:59,771 INFO  - HHH000400: Using dialect: org.hibernate.dialect.MySQLDialect
2016-02-03 01:26:00,003 INFO  - HHH000399: Using default transaction strategy (direct JDBC transactions)
2016-02-03 01:26:00,008 INFO  - HHH000397: Using ASTQueryTranslatorFactory
2016-02-03 01:26:00,513 INFO  - HHH000227: Running hbm2ddl schema export
2016-02-03 01:26:01,218 INFO  - HHH000230: Schema export complete
2016-02-03 01:26:01,316 ERROR - Error save or update class by.st.opt.payments.dao.pojos.Account in Daoorg.hibernate.id.IdentifierGenerationException: attempted to assign id from null one-to-one property [by.st.opt.payments.dao.pojos.Account.client]
2016-02-03 01:26:01,318 INFO  - HHH000030: Cleaning up connection pool [jdbc:mysql://localhost:3306/optpayments]
2016-02-03 01:26:28,507 INFO  - HCANN000001: Hibernate Commons Annotations {4.0.5.Final}
2016-02-03 01:26:28,518 INFO  - HHH000412: Hibernate Core {4.3.6.Final}
2016-02-03 01:26:28,521 INFO  - HHH000206: hibernate.properties not found
2016-02-03 01:26:28,524 INFO  - HHH000021: Bytecode provider name : javassist
2016-02-03 01:26:28,559 INFO  - HHH000043: Configuring from resource: /hibernate.cfg.xml
2016-02-03 01:26:28,560 INFO  - HHH000040: Configuration resource: /hibernate.cfg.xml
2016-02-03 01:26:28,618 WARN  - HHH000223: Recognized obsolete hibernate namespace http://hibernate.sourceforge.net/. Use namespace http://www.hibernate.org/dtd/ instead. Refer to Hibernate 3.6 Migration Guide!
2016-02-03 01:26:28,656 INFO  - HHH000041: Configured SessionFactory: null
2016-02-03 01:26:28,770 WARN  - HHH000402: Using Hibernate built-in connection pool (not for production use!)
2016-02-03 01:26:28,779 INFO  - HHH000401: using driver [com.mysql.jdbc.Driver] at URL [jdbc:mysql://localhost:3306/optpayments]
2016-02-03 01:26:28,779 INFO  - HHH000046: Connection properties: {user=root, password=****}
2016-02-03 01:26:28,779 INFO  - HHH000006: Autocommit mode: false
2016-02-03 01:26:28,780 INFO  - HHH000115: Hibernate connection pool size: 10 (min=1)
2016-02-03 01:26:29,130 INFO  - HHH000400: Using dialect: org.hibernate.dialect.MySQLDialect
2016-02-03 01:26:29,372 INFO  - HHH000399: Using default transaction strategy (direct JDBC transactions)
2016-02-03 01:26:29,377 INFO  - HHH000397: Using ASTQueryTranslatorFactory
2016-02-03 01:26:29,897 INFO  - HHH000227: Running hbm2ddl schema export
2016-02-03 01:26:30,664 INFO  - HHH000230: Schema export complete
2016-02-03 01:26:30,810 INFO  - saveOrUpdate(t):clientId=1, fio=client fio2, login=client login2, password=client password
2016-02-03 01:26:30,921 INFO  - Save or update (commit):clientId=1, fio=client fio2, login=client login2, password=client password
2016-02-03 01:26:30,925 INFO  - saveOrUpdate(t):paymentId=2, amount=500.0, datePayment=Wed Feb 03 01:26:30 MSK 2016
2016-02-03 01:26:30,964 INFO  - Save or update (commit):paymentId=2, amount=500.0, datePayment=Wed Feb 03 01:26:30 MSK 2016
2016-02-03 01:26:30,965 INFO  - HHH000030: Cleaning up connection pool [jdbc:mysql://localhost:3306/optpayments]
2016-02-03 19:27:56,764 INFO  - HCANN000001: Hibernate Commons Annotations {4.0.5.Final}
2016-02-03 19:27:56,773 INFO  - HHH000412: Hibernate Core {4.3.6.Final}
2016-02-03 19:27:56,775 INFO  - HHH000206: hibernate.properties not found
2016-02-03 19:27:56,778 INFO  - HHH000021: Bytecode provider name : javassist
2016-02-03 19:27:56,824 INFO  - HHH000043: Configuring from resource: /hibernate.cfg.xml
2016-02-03 19:27:56,824 INFO  - HHH000040: Configuration resource: /hibernate.cfg.xml
2016-02-03 19:27:56,896 WARN  - HHH000223: Recognized obsolete hibernate namespace http://hibernate.sourceforge.net/. Use namespace http://www.hibernate.org/dtd/ instead. Refer to Hibernate 3.6 Migration Guide!
2016-02-03 19:27:56,944 INFO  - HHH000041: Configured SessionFactory: null
2016-02-03 19:27:57,047 WARN  - HHH000402: Using Hibernate built-in connection pool (not for production use!)
2016-02-03 19:27:57,056 INFO  - HHH000401: using driver [com.mysql.jdbc.Driver] at URL [jdbc:mysql://localhost:3306/optpayments]
2016-02-03 19:27:57,056 INFO  - HHH000046: Connection properties: {user=root, password=****}
2016-02-03 19:27:57,056 INFO  - HHH000006: Autocommit mode: false
2016-02-03 19:27:57,058 INFO  - HHH000115: Hibernate connection pool size: 10 (min=1)
2016-02-03 19:27:57,447 INFO  - HHH000400: Using dialect: org.hibernate.dialect.MySQLDialect
2016-02-03 19:27:57,641 INFO  - HHH000399: Using default transaction strategy (direct JDBC transactions)
2016-02-03 19:27:57,646 INFO  - HHH000397: Using ASTQueryTranslatorFactory
2016-02-03 19:27:58,073 INFO  - HHH000227: Running hbm2ddl schema export
2016-02-03 19:27:58,961 INFO  - HHH000230: Schema export complete
2016-02-03 19:27:59,121 INFO  - saveOrUpdate(t):clientId=1, fio=client fio2, login=client login2, password=client password
2016-02-03 19:27:59,180 INFO  - Save or update (commit):clientId=1, fio=client fio2, login=client login2, password=client password
2016-02-03 19:27:59,184 INFO  - saveOrUpdate(t):paymentId=2, amount=500.0, datePayment=Wed Feb 03 19:27:59 MSK 2016
2016-02-03 19:27:59,216 INFO  - Save or update (commit):paymentId=2, amount=500.0, datePayment=Wed Feb 03 19:27:59 MSK 2016
2016-02-03 19:27:59,216 INFO  - HHH000030: Cleaning up connection pool [jdbc:mysql://localhost:3306/optpayments]
2016-02-03 21:06:53,472 INFO  - HCANN000001: Hibernate Commons Annotations {4.0.5.Final}
2016-02-03 21:06:53,484 INFO  - HHH000412: Hibernate Core {4.3.6.Final}
2016-02-03 21:06:53,488 INFO  - HHH000206: hibernate.properties not found
2016-02-03 21:06:53,492 INFO  - HHH000021: Bytecode provider name : javassist
2016-02-03 21:06:53,533 INFO  - HHH000043: Configuring from resource: /hibernate.cfg.xml
2016-02-03 21:06:53,534 INFO  - HHH000040: Configuration resource: /hibernate.cfg.xml
2016-02-03 21:06:53,599 WARN  - HHH000223: Recognized obsolete hibernate namespace http://hibernate.sourceforge.net/. Use namespace http://www.hibernate.org/dtd/ instead. Refer to Hibernate 3.6 Migration Guide!
2016-02-03 21:06:53,644 INFO  - HHH000041: Configured SessionFactory: null
2016-02-03 21:06:53,773 WARN  - HHH000402: Using Hibernate built-in connection pool (not for production use!)
2016-02-03 21:06:53,785 INFO  - HHH000401: using driver [com.mysql.jdbc.Driver] at URL [jdbc:mysql://localhost:3306/optpayments]
2016-02-03 21:06:53,785 INFO  - HHH000046: Connection properties: {user=root, password=****}
2016-02-03 21:06:53,785 INFO  - HHH000006: Autocommit mode: false
2016-02-03 21:06:53,787 INFO  - HHH000115: Hibernate connection pool size: 10 (min=1)
2016-02-03 21:06:54,122 INFO  - HHH000400: Using dialect: org.hibernate.dialect.MySQLDialect
2016-02-03 21:06:54,408 INFO  - HHH000399: Using default transaction strategy (direct JDBC transactions)
2016-02-03 21:06:54,414 INFO  - HHH000397: Using ASTQueryTranslatorFactory
2016-02-03 21:06:54,945 INFO  - HHH000227: Running hbm2ddl schema export
2016-02-03 21:06:55,798 INFO  - HHH000230: Schema export complete
2016-02-03 21:06:56,031 INFO  - saveOrUpdate(t):clientId=1, fio=client fio2, login=client login2, password=client password
2016-02-03 21:06:56,099 INFO  - Save or update (commit):clientId=1, fio=client fio2, login=client login2, password=client password
2016-02-03 21:06:57,637 INFO  - saveOrUpdate(t):paymentId=2, amount=500.0, datePayment=Wed Feb 03 21:06:56 MSK 2016
2016-02-03 21:06:57,686 INFO  - Save or update (commit):paymentId=2, amount=500.0, datePayment=Wed Feb 03 21:06:56 MSK 2016
2016-02-03 21:06:58,190 INFO  - HHH000030: Cleaning up connection pool [jdbc:mysql://localhost:3306/optpayments]
2016-02-03 21:08:16,693 INFO  - HCANN000001: Hibernate Commons Annotations {4.0.5.Final}
2016-02-03 21:08:16,701 INFO  - HHH000412: Hibernate Core {4.3.6.Final}
2016-02-03 21:08:16,705 INFO  - HHH000206: hibernate.properties not found
2016-02-03 21:08:16,708 INFO  - HHH000021: Bytecode provider name : javassist
2016-02-03 21:08:16,738 INFO  - HHH000043: Configuring from resource: /hibernate.cfg.xml
2016-02-03 21:08:16,739 INFO  - HHH000040: Configuration resource: /hibernate.cfg.xml
2016-02-03 21:08:16,787 WARN  - HHH000223: Recognized obsolete hibernate namespace http://hibernate.sourceforge.net/. Use namespace http://www.hibernate.org/dtd/ instead. Refer to Hibernate 3.6 Migration Guide!
2016-02-03 21:08:16,819 INFO  - HHH000041: Configured SessionFactory: null
2016-02-03 21:08:16,914 WARN  - HHH000402: Using Hibernate built-in connection pool (not for production use!)
2016-02-03 21:08:16,922 INFO  - HHH000401: using driver [com.mysql.jdbc.Driver] at URL [jdbc:mysql://localhost:3306/optpayments]
2016-02-03 21:08:16,922 INFO  - HHH000046: Connection properties: {user=root, password=****}
2016-02-03 21:08:16,922 INFO  - HHH000006: Autocommit mode: false
2016-02-03 21:08:16,924 INFO  - HHH000115: Hibernate connection pool size: 10 (min=1)
2016-02-03 21:08:17,206 INFO  - HHH000400: Using dialect: org.hibernate.dialect.MySQLDialect
2016-02-03 21:08:17,402 INFO  - HHH000399: Using default transaction strategy (direct JDBC transactions)
2016-02-03 21:08:17,406 INFO  - HHH000397: Using ASTQueryTranslatorFactory
2016-02-03 21:08:17,820 INFO  - HHH000227: Running hbm2ddl schema export
2016-02-03 21:08:18,591 INFO  - HHH000230: Schema export complete
2016-02-03 21:08:18,735 INFO  - saveOrUpdate(t):clientId=1, fio=client fio2, login=client login2, password=client password
2016-02-03 21:08:18,947 INFO  - Save or update (commit):clientId=1, fio=client fio2, login=client login2, password=client password
2016-02-03 21:08:18,954 INFO  - saveOrUpdate(t):paymentId=2, amount=500.0, datePayment=Wed Feb 03 21:08:18 MSK 2016
2016-02-03 21:08:18,989 INFO  - Save or update (commit):paymentId=2, amount=500.0, datePayment=Wed Feb 03 21:08:18 MSK 2016
2016-02-03 21:08:19,173 INFO  - HHH000030: Cleaning up connection pool [jdbc:mysql://localhost:3306/optpayments]
2016-02-03 21:10:20,214 INFO  - HCANN000001: Hibernate Commons Annotations {4.0.5.Final}
2016-02-03 21:10:20,222 INFO  - HHH000412: Hibernate Core {4.3.6.Final}
2016-02-03 21:10:20,225 INFO  - HHH000206: hibernate.properties not found
2016-02-03 21:10:20,229 INFO  - HHH000021: Bytecode provider name : javassist
2016-02-03 21:10:20,259 INFO  - HHH000043: Configuring from resource: /hibernate.cfg.xml
2016-02-03 21:10:20,259 INFO  - HHH000040: Configuration resource: /hibernate.cfg.xml
2016-02-03 21:10:20,323 WARN  - HHH000223: Recognized obsolete hibernate namespace http://hibernate.sourceforge.net/. Use namespace http://www.hibernate.org/dtd/ instead. Refer to Hibernate 3.6 Migration Guide!
2016-02-03 21:10:20,358 INFO  - HHH000041: Configured SessionFactory: null
2016-02-03 21:10:20,455 WARN  - HHH000402: Using Hibernate built-in connection pool (not for production use!)
2016-02-03 21:10:20,462 INFO  - HHH000401: using driver [com.mysql.jdbc.Driver] at URL [jdbc:mysql://localhost:3306/optpayments]
2016-02-03 21:10:20,463 INFO  - HHH000046: Connection properties: {user=root, password=****}
2016-02-03 21:10:20,463 INFO  - HHH000006: Autocommit mode: false
2016-02-03 21:10:20,464 INFO  - HHH000115: Hibernate connection pool size: 10 (min=1)
2016-02-03 21:10:20,755 INFO  - HHH000400: Using dialect: org.hibernate.dialect.MySQLDialect
2016-02-03 21:10:20,956 INFO  - HHH000399: Using default transaction strategy (direct JDBC transactions)
2016-02-03 21:10:20,961 INFO  - HHH000397: Using ASTQueryTranslatorFactory
2016-02-03 21:10:21,377 INFO  - HHH000227: Running hbm2ddl schema export
2016-02-03 21:10:22,152 INFO  - HHH000230: Schema export complete
2016-02-03 21:10:22,306 INFO  - saveOrUpdate(t):clientId=1, fio=client fio2, login=client login2, password=client password
2016-02-03 21:10:22,351 INFO  - Save or update (commit):clientId=1, fio=client fio2, login=client login2, password=client password
2016-02-03 21:10:22,354 INFO  - saveOrUpdate(t):paymentId=2, amount=500.0, datePayment=Wed Feb 03 21:10:22 MSK 2016
2016-02-03 21:10:22,385 INFO  - Save or update (commit):paymentId=2, amount=500.0, datePayment=Wed Feb 03 21:10:22 MSK 2016
2016-02-03 21:10:22,526 INFO  - HHH000030: Cleaning up connection pool [jdbc:mysql://localhost:3306/optpayments]
2016-02-03 21:13:51,895 INFO  - HCANN000001: Hibernate Commons Annotations {4.0.5.Final}
2016-02-03 21:13:51,906 INFO  - HHH000412: Hibernate Core {4.3.6.Final}
2016-02-03 21:13:51,910 INFO  - HHH000206: hibernate.properties not found
2016-02-03 21:13:51,912 INFO  - HHH000021: Bytecode provider name : javassist
2016-02-03 21:13:51,949 INFO  - HHH000043: Configuring from resource: /hibernate.cfg.xml
2016-02-03 21:13:51,949 INFO  - HHH000040: Configuration resource: /hibernate.cfg.xml
2016-02-03 21:13:52,005 WARN  - HHH000223: Recognized obsolete hibernate namespace http://hibernate.sourceforge.net/. Use namespace http://www.hibernate.org/dtd/ instead. Refer to Hibernate 3.6 Migration Guide!
2016-02-03 21:13:52,043 INFO  - HHH000041: Configured SessionFactory: null
2016-02-03 21:13:52,157 WARN  - HHH000402: Using Hibernate built-in connection pool (not for production use!)
2016-02-03 21:13:52,165 INFO  - HHH000401: using driver [com.mysql.jdbc.Driver] at URL [jdbc:mysql://localhost:3306/optpayments]
2016-02-03 21:13:52,165 INFO  - HHH000046: Connection properties: {user=root, password=****}
2016-02-03 21:13:52,166 INFO  - HHH000006: Autocommit mode: false
2016-02-03 21:13:52,167 INFO  - HHH000115: Hibernate connection pool size: 10 (min=1)
2016-02-03 21:13:52,501 INFO  - HHH000400: Using dialect: org.hibernate.dialect.MySQLDialect
2016-02-03 21:13:52,735 INFO  - HHH000399: Using default transaction strategy (direct JDBC transactions)
2016-02-03 21:13:52,741 INFO  - HHH000397: Using ASTQueryTranslatorFactory
2016-02-03 21:13:53,248 INFO  - HHH000227: Running hbm2ddl schema export
2016-02-03 21:13:54,228 INFO  - HHH000230: Schema export complete
2016-02-03 21:13:54,372 INFO  - saveOrUpdate(t):clientId=1, fio=client fio2, login=client login2, password=client password
2016-02-03 21:13:54,429 INFO  - Save or update (commit):clientId=1, fio=client fio2, login=client login2, password=client password
2016-02-03 21:13:54,436 INFO  - saveOrUpdate(t):paymentId=2, amount=500.0, datePayment=Wed Feb 03 21:13:54 MSK 2016
2016-02-03 21:13:54,471 INFO  - Save or update (commit):paymentId=2, amount=500.0, datePayment=Wed Feb 03 21:13:54 MSK 2016
2016-02-03 21:13:54,702 INFO  - HHH000030: Cleaning up connection pool [jdbc:mysql://localhost:3306/optpayments]
2016-02-03 21:18:32,521 INFO  - HCANN000001: Hibernate Commons Annotations {4.0.5.Final}
2016-02-03 21:18:32,529 INFO  - HHH000412: Hibernate Core {4.3.6.Final}
2016-02-03 21:18:32,532 INFO  - HHH000206: hibernate.properties not found
2016-02-03 21:18:32,535 INFO  - HHH000021: Bytecode provider name : javassist
2016-02-03 21:18:32,565 INFO  - HHH000043: Configuring from resource: /hibernate.cfg.xml
2016-02-03 21:18:32,565 INFO  - HHH000040: Configuration resource: /hibernate.cfg.xml
2016-02-03 21:18:32,615 WARN  - HHH000223: Recognized obsolete hibernate namespace http://hibernate.sourceforge.net/. Use namespace http://www.hibernate.org/dtd/ instead. Refer to Hibernate 3.6 Migration Guide!
2016-02-03 21:18:32,650 INFO  - HHH000041: Configured SessionFactory: null
2016-02-03 21:18:32,748 WARN  - HHH000402: Using Hibernate built-in connection pool (not for production use!)
2016-02-03 21:18:32,754 INFO  - HHH000401: using driver [com.mysql.jdbc.Driver] at URL [jdbc:mysql://localhost:3306/optpayments]
2016-02-03 21:18:32,755 INFO  - HHH000046: Connection properties: {user=root, password=****}
2016-02-03 21:18:32,755 INFO  - HHH000006: Autocommit mode: false
2016-02-03 21:18:32,756 INFO  - HHH000115: Hibernate connection pool size: 10 (min=1)
2016-02-03 21:18:33,041 INFO  - HHH000400: Using dialect: org.hibernate.dialect.MySQLDialect
2016-02-03 21:18:33,238 INFO  - HHH000399: Using default transaction strategy (direct JDBC transactions)
2016-02-03 21:18:33,242 INFO  - HHH000397: Using ASTQueryTranslatorFactory
2016-02-03 21:18:33,661 INFO  - HHH000227: Running hbm2ddl schema export
2016-02-03 21:18:34,509 INFO  - HHH000230: Schema export complete
2016-02-03 21:18:34,678 INFO  - saveOrUpdate(t):clientId=1, fio=client fio2, login=client login2, password=client password
2016-02-03 21:18:34,718 INFO  - Save or update (commit):clientId=1, fio=client fio2, login=client login2, password=client password
2016-02-03 21:18:34,722 INFO  - saveOrUpdate(t):paymentId=2, amount=500.0, datePayment=Wed Feb 03 21:18:34 MSK 2016
2016-02-03 21:18:34,751 INFO  - Save or update (commit):paymentId=2, amount=500.0, datePayment=Wed Feb 03 21:18:34 MSK 2016
2016-02-03 21:18:34,870 INFO  - HHH000030: Cleaning up connection pool [jdbc:mysql://localhost:3306/optpayments]
2016-02-03 21:19:02,279 INFO  - HCANN000001: Hibernate Commons Annotations {4.0.5.Final}
2016-02-03 21:19:02,287 INFO  - HHH000412: Hibernate Core {4.3.6.Final}
2016-02-03 21:19:02,290 INFO  - HHH000206: hibernate.properties not found
2016-02-03 21:19:02,293 INFO  - HHH000021: Bytecode provider name : javassist
2016-02-03 21:19:02,320 INFO  - HHH000043: Configuring from resource: /hibernate.cfg.xml
2016-02-03 21:19:02,320 INFO  - HHH000040: Configuration resource: /hibernate.cfg.xml
2016-02-03 21:19:02,370 WARN  - HHH000223: Recognized obsolete hibernate namespace http://hibernate.sourceforge.net/. Use namespace http://www.hibernate.org/dtd/ instead. Refer to Hibernate 3.6 Migration Guide!
2016-02-03 21:19:02,402 INFO  - HHH000041: Configured SessionFactory: null
2016-02-03 21:19:02,500 WARN  - HHH000402: Using Hibernate built-in connection pool (not for production use!)
2016-02-03 21:19:02,508 INFO  - HHH000401: using driver [com.mysql.jdbc.Driver] at URL [jdbc:mysql://localhost:3306/optpayments]
2016-02-03 21:19:02,508 INFO  - HHH000046: Connection properties: {user=root, password=****}
2016-02-03 21:19:02,508 INFO  - HHH000006: Autocommit mode: false
2016-02-03 21:19:02,510 INFO  - HHH000115: Hibernate connection pool size: 10 (min=1)
2016-02-03 21:19:02,796 INFO  - HHH000400: Using dialect: org.hibernate.dialect.MySQLDialect
2016-02-03 21:19:02,992 INFO  - HHH000399: Using default transaction strategy (direct JDBC transactions)
2016-02-03 21:19:02,996 INFO  - HHH000397: Using ASTQueryTranslatorFactory
2016-02-03 21:19:03,433 INFO  - HHH000227: Running hbm2ddl schema export
2016-02-03 21:19:04,253 INFO  - HHH000230: Schema export complete
2016-02-03 21:19:04,414 INFO  - saveOrUpdate(t):clientId=1, fio=client fio2, login=client login2, password=client password
2016-02-03 21:19:04,452 INFO  - Save or update (commit):clientId=1, fio=client fio2, login=client login2, password=client password
2016-02-03 21:19:04,456 INFO  - saveOrUpdate(t):paymentId=2, amount=500.0, datePayment=Wed Feb 03 21:19:04 MSK 2016
2016-02-03 21:19:04,486 INFO  - Save or update (commit):paymentId=2, amount=500.0, datePayment=Wed Feb 03 21:19:04 MSK 2016
2016-02-03 21:19:04,617 INFO  - HHH000030: Cleaning up connection pool [jdbc:mysql://localhost:3306/optpayments]
2016-02-03 21:19:33,277 INFO  - HCANN000001: Hibernate Commons Annotations {4.0.5.Final}
2016-02-03 21:19:33,287 INFO  - HHH000412: Hibernate Core {4.3.6.Final}
2016-02-03 21:19:33,290 INFO  - HHH000206: hibernate.properties not found
2016-02-03 21:19:33,292 INFO  - HHH000021: Bytecode provider name : javassist
2016-02-03 21:19:33,320 INFO  - HHH000043: Configuring from resource: /hibernate.cfg.xml
2016-02-03 21:19:33,320 INFO  - HHH000040: Configuration resource: /hibernate.cfg.xml
2016-02-03 21:19:33,369 WARN  - HHH000223: Recognized obsolete hibernate namespace http://hibernate.sourceforge.net/. Use namespace http://www.hibernate.org/dtd/ instead. Refer to Hibernate 3.6 Migration Guide!
2016-02-03 21:19:33,404 INFO  - HHH000041: Configured SessionFactory: null
2016-02-03 21:19:33,502 WARN  - HHH000402: Using Hibernate built-in connection pool (not for production use!)
2016-02-03 21:19:33,510 INFO  - HHH000401: using driver [com.mysql.jdbc.Driver] at URL [jdbc:mysql://localhost:3306/optpayments]
2016-02-03 21:19:33,510 INFO  - HHH000046: Connection properties: {user=root, password=****}
2016-02-03 21:19:33,510 INFO  - HHH000006: Autocommit mode: false
2016-02-03 21:19:33,512 INFO  - HHH000115: Hibernate connection pool size: 10 (min=1)
2016-02-03 21:19:33,807 INFO  - HHH000400: Using dialect: org.hibernate.dialect.MySQLDialect
2016-02-03 21:19:34,016 INFO  - HHH000399: Using default transaction strategy (direct JDBC transactions)
2016-02-03 21:19:34,020 INFO  - HHH000397: Using ASTQueryTranslatorFactory
2016-02-03 21:19:34,434 INFO  - HHH000227: Running hbm2ddl schema export
2016-02-03 21:19:35,178 INFO  - HHH000230: Schema export complete
2016-02-03 21:19:35,320 INFO  - saveOrUpdate(t):clientId=1, fio=client fio2, login=client login2, password=client password
2016-02-03 21:19:35,366 INFO  - Save or update (commit):clientId=1, fio=client fio2, login=client login2, password=client password
2016-02-03 21:19:35,369 INFO  - saveOrUpdate(t):paymentId=2, amount=500.0, datePayment=Wed Feb 03 21:19:35 MSK 2016
2016-02-03 21:19:35,398 INFO  - Save or update (commit):paymentId=2, amount=500.0, datePayment=Wed Feb 03 21:19:35 MSK 2016
2016-02-03 21:19:35,511 INFO  - HHH000030: Cleaning up connection pool [jdbc:mysql://localhost:3306/optpayments]
2016-02-03 21:20:15,033 INFO  - HCANN000001: Hibernate Commons Annotations {4.0.5.Final}
2016-02-03 21:20:15,042 INFO  - HHH000412: Hibernate Core {4.3.6.Final}
2016-02-03 21:20:15,044 INFO  - HHH000206: hibernate.properties not found
2016-02-03 21:20:15,047 INFO  - HHH000021: Bytecode provider name : javassist
2016-02-03 21:20:15,073 INFO  - HHH000043: Configuring from resource: /hibernate.cfg.xml
2016-02-03 21:20:15,073 INFO  - HHH000040: Configuration resource: /hibernate.cfg.xml
2016-02-03 21:20:15,120 WARN  - HHH000223: Recognized obsolete hibernate namespace http://hibernate.sourceforge.net/. Use namespace http://www.hibernate.org/dtd/ instead. Refer to Hibernate 3.6 Migration Guide!
2016-02-03 21:20:15,153 INFO  - HHH000041: Configured SessionFactory: null
2016-02-03 21:20:15,247 WARN  - HHH000402: Using Hibernate built-in connection pool (not for production use!)
2016-02-03 21:20:15,254 INFO  - HHH000401: using driver [com.mysql.jdbc.Driver] at URL [jdbc:mysql://localhost:3306/optpayments]
2016-02-03 21:20:15,254 INFO  - HHH000046: Connection properties: {user=root, password=****}
2016-02-03 21:20:15,254 INFO  - HHH000006: Autocommit mode: false
2016-02-03 21:20:15,256 INFO  - HHH000115: Hibernate connection pool size: 10 (min=1)
2016-02-03 21:20:15,541 INFO  - HHH000400: Using dialect: org.hibernate.dialect.MySQLDialect
2016-02-03 21:20:15,736 INFO  - HHH000399: Using default transaction strategy (direct JDBC transactions)
2016-02-03 21:20:15,740 INFO  - HHH000397: Using ASTQueryTranslatorFactory
2016-02-03 21:20:16,155 INFO  - HHH000227: Running hbm2ddl schema export
2016-02-03 21:20:17,091 INFO  - HHH000230: Schema export complete
2016-02-03 21:20:17,273 INFO  - saveOrUpdate(t):clientId=1, fio=client fio2, login=client login2, password=client password
2016-02-03 21:20:17,323 INFO  - Save or update (commit):clientId=1, fio=client fio2, login=client login2, password=client password
2016-02-03 21:20:17,326 INFO  - saveOrUpdate(t):paymentId=2, amount=500.0, datePayment=Wed Feb 03 21:20:17 MSK 2016
2016-02-03 21:20:17,355 INFO  - Save or update (commit):paymentId=2, amount=500.0, datePayment=Wed Feb 03 21:20:17 MSK 2016
2016-02-03 21:20:17,497 INFO  - HHH000030: Cleaning up connection pool [jdbc:mysql://localhost:3306/optpayments]
2016-02-03 21:20:51,321 INFO  - HCANN000001: Hibernate Commons Annotations {4.0.5.Final}
2016-02-03 21:20:51,330 INFO  - HHH000412: Hibernate Core {4.3.6.Final}
2016-02-03 21:20:51,333 INFO  - HHH000206: hibernate.properties not found
2016-02-03 21:20:51,334 INFO  - HHH000021: Bytecode provider name : javassist
2016-02-03 21:20:51,359 INFO  - HHH000043: Configuring from resource: /hibernate.cfg.xml
2016-02-03 21:20:51,359 INFO  - HHH000040: Configuration resource: /hibernate.cfg.xml
2016-02-03 21:20:51,409 WARN  - HHH000223: Recognized obsolete hibernate namespace http://hibernate.sourceforge.net/. Use namespace http://www.hibernate.org/dtd/ instead. Refer to Hibernate 3.6 Migration Guide!
2016-02-03 21:20:51,443 INFO  - HHH000041: Configured SessionFactory: null
2016-02-03 21:20:51,553 WARN  - HHH000402: Using Hibernate built-in connection pool (not for production use!)
2016-02-03 21:20:51,562 INFO  - HHH000401: using driver [com.mysql.jdbc.Driver] at URL [jdbc:mysql://localhost:3306/optpayments]
2016-02-03 21:20:51,562 INFO  - HHH000046: Connection properties: {user=root, password=****}
2016-02-03 21:20:51,562 INFO  - HHH000006: Autocommit mode: false
2016-02-03 21:20:51,564 INFO  - HHH000115: Hibernate connection pool size: 10 (min=1)
2016-02-03 21:20:51,860 INFO  - HHH000400: Using dialect: org.hibernate.dialect.MySQLDialect
2016-02-03 21:20:52,055 INFO  - HHH000399: Using default transaction strategy (direct JDBC transactions)
2016-02-03 21:20:52,059 INFO  - HHH000397: Using ASTQueryTranslatorFactory
2016-02-03 21:20:52,481 INFO  - HHH000227: Running hbm2ddl schema export
2016-02-03 21:20:53,586 INFO  - HHH000230: Schema export complete
2016-02-03 21:20:53,727 INFO  - saveOrUpdate(t):clientId=1, fio=client fio2, login=client login2, password=client password
2016-02-03 21:20:53,769 INFO  - Save or update (commit):clientId=1, fio=client fio2, login=client login2, password=client password
2016-02-03 21:20:53,773 INFO  - saveOrUpdate(t):paymentId=2, amount=500.0, datePayment=Wed Feb 03 21:20:53 MSK 2016
2016-02-03 21:20:53,802 INFO  - Save or update (commit):paymentId=2, amount=500.0, datePayment=Wed Feb 03 21:20:53 MSK 2016
2016-02-03 21:20:53,962 INFO  - HHH000030: Cleaning up connection pool [jdbc:mysql://localhost:3306/optpayments]
2016-02-03 21:23:02,311 INFO  - HCANN000001: Hibernate Commons Annotations {4.0.5.Final}
2016-02-03 21:23:02,319 INFO  - HHH000412: Hibernate Core {4.3.6.Final}
2016-02-03 21:23:02,321 INFO  - HHH000206: hibernate.properties not found
2016-02-03 21:23:02,325 INFO  - HHH000021: Bytecode provider name : javassist
2016-02-03 21:23:02,353 INFO  - HHH000043: Configuring from resource: /hibernate.cfg.xml
2016-02-03 21:23:02,353 INFO  - HHH000040: Configuration resource: /hibernate.cfg.xml
2016-02-03 21:23:02,401 WARN  - HHH000223: Recognized obsolete hibernate namespace http://hibernate.sourceforge.net/. Use namespace http://www.hibernate.org/dtd/ instead. Refer to Hibernate 3.6 Migration Guide!
2016-02-03 21:23:02,435 INFO  - HHH000041: Configured SessionFactory: null
2016-02-03 21:23:02,532 WARN  - HHH000402: Using Hibernate built-in connection pool (not for production use!)
2016-02-03 21:23:02,539 INFO  - HHH000401: using driver [com.mysql.jdbc.Driver] at URL [jdbc:mysql://localhost:3306/optpayments]
2016-02-03 21:23:02,539 INFO  - HHH000046: Connection properties: {user=root, password=****}
2016-02-03 21:23:02,539 INFO  - HHH000006: Autocommit mode: false
2016-02-03 21:23:02,541 INFO  - HHH000115: Hibernate connection pool size: 10 (min=1)
2016-02-03 21:23:02,837 INFO  - HHH000400: Using dialect: org.hibernate.dialect.MySQLDialect
2016-02-03 21:23:03,043 INFO  - HHH000399: Using default transaction strategy (direct JDBC transactions)
2016-02-03 21:23:03,048 INFO  - HHH000397: Using ASTQueryTranslatorFactory
2016-02-03 21:23:03,458 INFO  - HHH000227: Running hbm2ddl schema export
2016-02-03 21:23:04,362 INFO  - HHH000230: Schema export complete
2016-02-03 21:23:04,511 INFO  - saveOrUpdate(t):clientId=1, fio=client fio2, login=client login2, password=client password
2016-02-03 21:23:04,575 INFO  - Save or update (commit):clientId=1, fio=client fio2, login=client login2, password=client password
2016-02-03 21:23:04,579 INFO  - saveOrUpdate(t):paymentId=2, amount=500.0, datePayment=Wed Feb 03 21:23:04 MSK 2016
2016-02-03 21:23:04,608 INFO  - Save or update (commit):paymentId=2, amount=500.0, datePayment=Wed Feb 03 21:23:04 MSK 2016
2016-02-03 21:23:04,785 INFO  - HHH000030: Cleaning up connection pool [jdbc:mysql://localhost:3306/optpayments]
2016-02-03 21:30:30,550 INFO  - HCANN000001: Hibernate Commons Annotations {4.0.5.Final}
2016-02-03 21:30:30,559 INFO  - HHH000412: Hibernate Core {4.3.6.Final}
2016-02-03 21:30:30,562 INFO  - HHH000206: hibernate.properties not found
2016-02-03 21:30:30,565 INFO  - HHH000021: Bytecode provider name : javassist
2016-02-03 21:30:30,594 INFO  - HHH000043: Configuring from resource: /hibernate.cfg.xml
2016-02-03 21:30:30,594 INFO  - HHH000040: Configuration resource: /hibernate.cfg.xml
2016-02-03 21:30:30,646 WARN  - HHH000223: Recognized obsolete hibernate namespace http://hibernate.sourceforge.net/. Use namespace http://www.hibernate.org/dtd/ instead. Refer to Hibernate 3.6 Migration Guide!
2016-02-03 21:30:30,681 INFO  - HHH000041: Configured SessionFactory: null
2016-02-03 21:30:30,782 WARN  - HHH000402: Using Hibernate built-in connection pool (not for production use!)
2016-02-03 21:30:30,789 INFO  - HHH000401: using driver [com.mysql.jdbc.Driver] at URL [jdbc:mysql://localhost:3306/optpayments]
2016-02-03 21:30:30,789 INFO  - HHH000046: Connection properties: {user=root, password=****}
2016-02-03 21:30:30,789 INFO  - HHH000006: Autocommit mode: false
2016-02-03 21:30:30,791 INFO  - HHH000115: Hibernate connection pool size: 10 (min=1)
2016-02-03 21:30:31,076 INFO  - HHH000400: Using dialect: org.hibernate.dialect.MySQLDialect
2016-02-03 21:30:31,293 INFO  - HHH000399: Using default transaction strategy (direct JDBC transactions)
2016-02-03 21:30:31,299 INFO  - HHH000397: Using ASTQueryTranslatorFactory
2016-02-03 21:30:31,724 INFO  - HHH000227: Running hbm2ddl schema export
2016-02-03 21:30:32,663 INFO  - HHH000230: Schema export complete
2016-02-03 21:30:32,816 INFO  - saveOrUpdate(t):clientId=1, fio=client fio2, login=client login2, password=client password
2016-02-03 21:30:32,863 INFO  - Save or update (commit):clientId=1, fio=client fio2, login=client login2, password=client password
2016-02-03 21:30:32,866 INFO  - saveOrUpdate(t):paymentId=2, amount=500.0, datePayment=Wed Feb 03 21:30:32 MSK 2016
2016-02-03 21:30:32,895 INFO  - Save or update (commit):paymentId=2, amount=500.0, datePayment=Wed Feb 03 21:30:32 MSK 2016
2016-02-03 21:30:33,084 INFO  - HHH000030: Cleaning up connection pool [jdbc:mysql://localhost:3306/optpayments]
2016-02-03 21:31:09,943 INFO  - HCANN000001: Hibernate Commons Annotations {4.0.5.Final}
2016-02-03 21:31:09,951 INFO  - HHH000412: Hibernate Core {4.3.6.Final}
2016-02-03 21:31:09,953 INFO  - HHH000206: hibernate.properties not found
2016-02-03 21:31:09,956 INFO  - HHH000021: Bytecode provider name : javassist
2016-02-03 21:31:09,984 INFO  - HHH000043: Configuring from resource: /hibernate.cfg.xml
2016-02-03 21:31:09,985 INFO  - HHH000040: Configuration resource: /hibernate.cfg.xml
2016-02-03 21:31:10,037 WARN  - HHH000223: Recognized obsolete hibernate namespace http://hibernate.sourceforge.net/. Use namespace http://www.hibernate.org/dtd/ instead. Refer to Hibernate 3.6 Migration Guide!
2016-02-03 21:31:10,074 INFO  - HHH000041: Configured SessionFactory: null
2016-02-03 21:31:10,177 WARN  - HHH000402: Using Hibernate built-in connection pool (not for production use!)
2016-02-03 21:31:10,185 INFO  - HHH000401: using driver [com.mysql.jdbc.Driver] at URL [jdbc:mysql://localhost:3306/optpayments]
2016-02-03 21:31:10,185 INFO  - HHH000046: Connection properties: {user=root, password=****}
2016-02-03 21:31:10,185 INFO  - HHH000006: Autocommit mode: false
2016-02-03 21:31:10,187 INFO  - HHH000115: Hibernate connection pool size: 10 (min=1)
2016-02-03 21:31:10,481 INFO  - HHH000400: Using dialect: org.hibernate.dialect.MySQLDialect
2016-02-03 21:31:10,685 INFO  - HHH000399: Using default transaction strategy (direct JDBC transactions)
2016-02-03 21:31:10,689 INFO  - HHH000397: Using ASTQueryTranslatorFactory
2016-02-03 21:31:11,110 INFO  - HHH000227: Running hbm2ddl schema export
2016-02-03 21:31:11,918 INFO  - HHH000230: Schema export complete
2016-02-03 21:31:12,055 INFO  - saveOrUpdate(t):clientId=1, fio=client fio2, login=client login2, password=client password
2016-02-03 21:31:12,098 INFO  - Save or update (commit):clientId=1, fio=client fio2, login=client login2, password=client password
2016-02-03 21:31:12,101 INFO  - saveOrUpdate(t):paymentId=2, amount=500.0, datePayment=Wed Feb 03 21:31:12 MSK 2016
2016-02-03 21:31:12,130 INFO  - Save or update (commit):paymentId=2, amount=500.0, datePayment=Wed Feb 03 21:31:12 MSK 2016
2016-02-03 21:31:12,284 INFO  - HHH000030: Cleaning up connection pool [jdbc:mysql://localhost:3306/optpayments]
2016-02-03 21:33:30,518 INFO  - HCANN000001: Hibernate Commons Annotations {4.0.5.Final}
2016-02-03 21:33:30,527 INFO  - HHH000412: Hibernate Core {4.3.6.Final}
2016-02-03 21:33:30,529 INFO  - HHH000206: hibernate.properties not found
2016-02-03 21:33:30,532 INFO  - HHH000021: Bytecode provider name : javassist
2016-02-03 21:33:30,566 INFO  - HHH000043: Configuring from resource: /hibernate.cfg.xml
2016-02-03 21:33:30,566 INFO  - HHH000040: Configuration resource: /hibernate.cfg.xml
2016-02-03 21:33:30,624 WARN  - HHH000223: Recognized obsolete hibernate namespace http://hibernate.sourceforge.net/. Use namespace http://www.hibernate.org/dtd/ instead. Refer to Hibernate 3.6 Migration Guide!
2016-02-03 21:33:30,672 INFO  - HHH000041: Configured SessionFactory: null
2016-02-03 21:33:30,793 WARN  - HHH000402: Using Hibernate built-in connection pool (not for production use!)
2016-02-03 21:33:30,800 INFO  - HHH000401: using driver [com.mysql.jdbc.Driver] at URL [jdbc:mysql://localhost:3306/optpayments]
2016-02-03 21:33:30,801 INFO  - HHH000046: Connection properties: {user=root, password=****}
2016-02-03 21:33:30,801 INFO  - HHH000006: Autocommit mode: false
2016-02-03 21:33:30,803 INFO  - HHH000115: Hibernate connection pool size: 10 (min=1)
2016-02-03 21:33:31,091 INFO  - HHH000400: Using dialect: org.hibernate.dialect.MySQLDialect
2016-02-03 21:33:31,289 INFO  - HHH000399: Using default transaction strategy (direct JDBC transactions)
2016-02-03 21:33:31,294 INFO  - HHH000397: Using ASTQueryTranslatorFactory
2016-02-03 21:33:31,717 INFO  - HHH000227: Running hbm2ddl schema export
2016-02-03 21:33:32,527 INFO  - HHH000230: Schema export complete
2016-02-03 21:33:32,688 INFO  - saveOrUpdate(t):clientId=1, fio=client fio2, login=client login2, password=client password
2016-02-03 21:33:32,726 INFO  - Save or update (commit):clientId=1, fio=client fio2, login=client login2, password=client password
2016-02-03 21:33:32,729 INFO  - saveOrUpdate(t):paymentId=2, amount=500.0, datePayment=Wed Feb 03 21:33:32 MSK 2016
2016-02-03 21:33:32,759 INFO  - Save or update (commit):paymentId=2, amount=500.0, datePayment=Wed Feb 03 21:33:32 MSK 2016
2016-02-03 21:33:32,914 INFO  - HHH000030: Cleaning up connection pool [jdbc:mysql://localhost:3306/optpayments]
2016-02-03 21:36:19,917 INFO  - HCANN000001: Hibernate Commons Annotations {4.0.5.Final}
2016-02-03 21:36:19,926 INFO  - HHH000412: Hibernate Core {4.3.6.Final}
2016-02-03 21:36:19,928 INFO  - HHH000206: hibernate.properties not found
2016-02-03 21:36:19,930 INFO  - HHH000021: Bytecode provider name : javassist
2016-02-03 21:36:19,957 INFO  - HHH000043: Configuring from resource: /hibernate.cfg.xml
2016-02-03 21:36:19,957 INFO  - HHH000040: Configuration resource: /hibernate.cfg.xml
2016-02-03 21:36:20,003 WARN  - HHH000223: Recognized obsolete hibernate namespace http://hibernate.sourceforge.net/. Use namespace http://www.hibernate.org/dtd/ instead. Refer to Hibernate 3.6 Migration Guide!
2016-02-03 21:36:20,039 INFO  - HHH000041: Configured SessionFactory: null
2016-02-03 21:36:20,139 WARN  - HHH000402: Using Hibernate built-in connection pool (not for production use!)
2016-02-03 21:36:20,145 INFO  - HHH000401: using driver [com.mysql.jdbc.Driver] at URL [jdbc:mysql://localhost:3306/optpayments]
2016-02-03 21:36:20,146 INFO  - HHH000046: Connection properties: {user=root, password=****}
2016-02-03 21:36:20,146 INFO  - HHH000006: Autocommit mode: false
2016-02-03 21:36:20,147 INFO  - HHH000115: Hibernate connection pool size: 10 (min=1)
2016-02-03 21:36:20,435 INFO  - HHH000400: Using dialect: org.hibernate.dialect.MySQLDialect
2016-02-03 21:36:20,640 INFO  - HHH000399: Using default transaction strategy (direct JDBC transactions)
2016-02-03 21:36:20,645 INFO  - HHH000397: Using ASTQueryTranslatorFactory
2016-02-03 21:36:21,099 INFO  - HHH000227: Running hbm2ddl schema export
2016-02-03 21:36:22,035 INFO  - HHH000230: Schema export complete
2016-02-03 21:36:22,188 INFO  - saveOrUpdate(t):clientId=1, fio=client fio2, login=client login2, password=client password
2016-02-03 21:36:22,234 INFO  - Save or update (commit):clientId=1, fio=client fio2, login=client login2, password=client password
2016-02-03 21:36:22,238 INFO  - saveOrUpdate(t):paymentId=2, amount=500.0, datePayment=Wed Feb 03 21:36:22 MSK 2016
2016-02-03 21:36:22,266 INFO  - Save or update (commit):paymentId=2, amount=500.0, datePayment=Wed Feb 03 21:36:22 MSK 2016
2016-02-03 21:36:22,422 INFO  - HHH000030: Cleaning up connection pool [jdbc:mysql://localhost:3306/optpayments]
2016-02-03 21:37:44,261 INFO  - HCANN000001: Hibernate Commons Annotations {4.0.5.Final}
2016-02-03 21:37:44,271 INFO  - HHH000412: Hibernate Core {4.3.6.Final}
2016-02-03 21:37:44,273 INFO  - HHH000206: hibernate.properties not found
2016-02-03 21:37:44,275 INFO  - HHH000021: Bytecode provider name : javassist
2016-02-03 21:37:44,304 INFO  - HHH000043: Configuring from resource: /hibernate.cfg.xml
2016-02-03 21:37:44,304 INFO  - HHH000040: Configuration resource: /hibernate.cfg.xml
2016-02-03 21:37:44,353 WARN  - HHH000223: Recognized obsolete hibernate namespace http://hibernate.sourceforge.net/. Use namespace http://www.hibernate.org/dtd/ instead. Refer to Hibernate 3.6 Migration Guide!
2016-02-03 21:37:44,388 INFO  - HHH000041: Configured SessionFactory: null
2016-02-03 21:37:44,491 WARN  - HHH000402: Using Hibernate built-in connection pool (not for production use!)
2016-02-03 21:37:44,497 INFO  - HHH000401: using driver [com.mysql.jdbc.Driver] at URL [jdbc:mysql://localhost:3306/optpayments]
2016-02-03 21:37:44,498 INFO  - HHH000046: Connection properties: {user=root, password=****}
2016-02-03 21:37:44,498 INFO  - HHH000006: Autocommit mode: false
2016-02-03 21:37:44,500 INFO  - HHH000115: Hibernate connection pool size: 10 (min=1)
2016-02-03 21:37:44,794 INFO  - HHH000400: Using dialect: org.hibernate.dialect.MySQLDialect
2016-02-03 21:37:44,998 INFO  - HHH000399: Using default transaction strategy (direct JDBC transactions)
2016-02-03 21:37:45,002 INFO  - HHH000397: Using ASTQueryTranslatorFactory
2016-02-03 21:37:45,428 INFO  - HHH000227: Running hbm2ddl schema export
2016-02-03 21:37:46,338 INFO  - HHH000230: Schema export complete
2016-02-03 21:37:46,521 INFO  - saveOrUpdate(t):clientId=1, fio=client fio2, login=client login2, password=client password
2016-02-03 21:37:46,627 INFO  - Save or update (commit):clientId=1, fio=client fio2, login=client login2, password=client password
2016-02-03 21:37:46,635 INFO  - saveOrUpdate(t):paymentId=2, amount=500.0, datePayment=Wed Feb 03 21:37:46 MSK 2016
2016-02-03 21:37:46,670 INFO  - Save or update (commit):paymentId=2, amount=500.0, datePayment=Wed Feb 03 21:37:46 MSK 2016
2016-02-03 21:37:46,856 INFO  - HHH000030: Cleaning up connection pool [jdbc:mysql://localhost:3306/optpayments]
2016-02-03 21:40:55,233 INFO  - HCANN000001: Hibernate Commons Annotations {4.0.5.Final}
2016-02-03 21:40:55,241 INFO  - HHH000412: Hibernate Core {4.3.6.Final}
2016-02-03 21:40:55,244 INFO  - HHH000206: hibernate.properties not found
2016-02-03 21:40:55,246 INFO  - HHH000021: Bytecode provider name : javassist
2016-02-03 21:40:55,269 INFO  - HHH000043: Configuring from resource: /hibernate.cfg.xml
2016-02-03 21:40:55,270 INFO  - HHH000040: Configuration resource: /hibernate.cfg.xml
2016-02-03 21:40:55,319 WARN  - HHH000223: Recognized obsolete hibernate namespace http://hibernate.sourceforge.net/. Use namespace http://www.hibernate.org/dtd/ instead. Refer to Hibernate 3.6 Migration Guide!
2016-02-03 21:40:55,356 INFO  - HHH000041: Configured SessionFactory: null
2016-02-03 21:40:55,459 WARN  - HHH000402: Using Hibernate built-in connection pool (not for production use!)
2016-02-03 21:40:55,467 INFO  - HHH000401: using driver [com.mysql.jdbc.Driver] at URL [jdbc:mysql://localhost:3306/optpayments]
2016-02-03 21:40:55,467 INFO  - HHH000046: Connection properties: {user=root, password=****}
2016-02-03 21:40:55,467 INFO  - HHH000006: Autocommit mode: false
2016-02-03 21:40:55,469 INFO  - HHH000115: Hibernate connection pool size: 10 (min=1)
2016-02-03 21:40:55,760 INFO  - HHH000400: Using dialect: org.hibernate.dialect.MySQLDialect
2016-02-03 21:40:56,001 INFO  - HHH000399: Using default transaction strategy (direct JDBC transactions)
2016-02-03 21:40:56,005 INFO  - HHH000397: Using ASTQueryTranslatorFactory
2016-02-03 21:40:56,417 INFO  - HHH000227: Running hbm2ddl schema export
2016-02-03 21:40:57,268 INFO  - HHH000230: Schema export complete
2016-02-03 21:40:57,430 INFO  - saveOrUpdate(t):clientId=1, fio=client fio2, login=client login2, password=client password
2016-02-03 21:40:57,469 INFO  - Save or update (commit):clientId=1, fio=client fio2, login=client login2, password=client password
2016-02-03 21:40:57,472 INFO  - saveOrUpdate(t):paymentId=2, amount=500.0, datePayment=Wed Feb 03 21:40:57 MSK 2016
2016-02-03 21:40:57,501 INFO  - Save or update (commit):paymentId=2, amount=500.0, datePayment=Wed Feb 03 21:40:57 MSK 2016
2016-02-03 21:40:57,706 INFO  - HHH000030: Cleaning up connection pool [jdbc:mysql://localhost:3306/optpayments]
2016-02-03 21:41:34,957 INFO  - HCANN000001: Hibernate Commons Annotations {4.0.5.Final}
2016-02-03 21:41:34,965 INFO  - HHH000412: Hibernate Core {4.3.6.Final}
2016-02-03 21:41:34,968 INFO  - HHH000206: hibernate.properties not found
2016-02-03 21:41:34,971 INFO  - HHH000021: Bytecode provider name : javassist
2016-02-03 21:41:35,001 INFO  - HHH000043: Configuring from resource: /hibernate.cfg.xml
2016-02-03 21:41:35,001 INFO  - HHH000040: Configuration resource: /hibernate.cfg.xml
2016-02-03 21:41:35,053 WARN  - HHH000223: Recognized obsolete hibernate namespace http://hibernate.sourceforge.net/. Use namespace http://www.hibernate.org/dtd/ instead. Refer to Hibernate 3.6 Migration Guide!
2016-02-03 21:41:35,089 INFO  - HHH000041: Configured SessionFactory: null
2016-02-03 21:41:35,187 WARN  - HHH000402: Using Hibernate built-in connection pool (not for production use!)
2016-02-03 21:41:35,194 INFO  - HHH000401: using driver [com.mysql.jdbc.Driver] at URL [jdbc:mysql://localhost:3306/optpayments]
2016-02-03 21:41:35,194 INFO  - HHH000046: Connection properties: {user=root, password=****}
2016-02-03 21:41:35,194 INFO  - HHH000006: Autocommit mode: false
2016-02-03 21:41:35,196 INFO  - HHH000115: Hibernate connection pool size: 10 (min=1)
2016-02-03 21:41:35,488 INFO  - HHH000400: Using dialect: org.hibernate.dialect.MySQLDialect
2016-02-03 21:41:35,693 INFO  - HHH000399: Using default transaction strategy (direct JDBC transactions)
2016-02-03 21:41:35,697 INFO  - HHH000397: Using ASTQueryTranslatorFactory
2016-02-03 21:41:36,125 INFO  - HHH000227: Running hbm2ddl schema export
2016-02-03 21:41:36,849 INFO  - HHH000230: Schema export complete
2016-02-03 21:41:36,988 INFO  - saveOrUpdate(t):clientId=1, fio=client fio2, login=client login2, password=client password
2016-02-03 21:41:37,025 INFO  - Save or update (commit):clientId=1, fio=client fio2, login=client login2, password=client password
2016-02-03 21:41:37,029 INFO  - saveOrUpdate(t):paymentId=2, amount=500.0, datePayment=Wed Feb 03 21:41:37 MSK 2016
2016-02-03 21:41:37,057 INFO  - Save or update (commit):paymentId=2, amount=500.0, datePayment=Wed Feb 03 21:41:37 MSK 2016
2016-02-03 21:41:37,257 INFO  - HHH000030: Cleaning up connection pool [jdbc:mysql://localhost:3306/optpayments]
2016-02-03 21:42:50,513 INFO  - HCANN000001: Hibernate Commons Annotations {4.0.5.Final}
2016-02-03 21:42:50,524 INFO  - HHH000412: Hibernate Core {4.3.6.Final}
2016-02-03 21:42:50,527 INFO  - HHH000206: hibernate.properties not found
2016-02-03 21:42:50,530 INFO  - HHH000021: Bytecode provider name : javassist
2016-02-03 21:42:50,557 INFO  - HHH000043: Configuring from resource: /hibernate.cfg.xml
2016-02-03 21:42:50,557 INFO  - HHH000040: Configuration resource: /hibernate.cfg.xml
2016-02-03 21:42:50,609 WARN  - HHH000223: Recognized obsolete hibernate namespace http://hibernate.sourceforge.net/. Use namespace http://www.hibernate.org/dtd/ instead. Refer to Hibernate 3.6 Migration Guide!
2016-02-03 21:42:50,647 INFO  - HHH000041: Configured SessionFactory: null
2016-02-03 21:42:50,748 WARN  - HHH000402: Using Hibernate built-in connection pool (not for production use!)
2016-02-03 21:42:50,755 INFO  - HHH000401: using driver [com.mysql.jdbc.Driver] at URL [jdbc:mysql://localhost:3306/optpayments]
2016-02-03 21:42:50,755 INFO  - HHH000046: Connection properties: {user=root, password=****}
2016-02-03 21:42:50,755 INFO  - HHH000006: Autocommit mode: false
2016-02-03 21:42:50,757 INFO  - HHH000115: Hibernate connection pool size: 10 (min=1)
2016-02-03 21:42:51,038 INFO  - HHH000400: Using dialect: org.hibernate.dialect.MySQLDialect
2016-02-03 21:42:51,230 INFO  - HHH000399: Using default transaction strategy (direct JDBC transactions)
2016-02-03 21:42:51,234 INFO  - HHH000397: Using ASTQueryTranslatorFactory
2016-02-03 21:42:51,668 INFO  - HHH000227: Running hbm2ddl schema export
2016-02-03 21:42:52,719 INFO  - HHH000230: Schema export complete
2016-02-03 21:42:52,885 INFO  - saveOrUpdate(t):clientId=1, fio=client fio2, login=client login2, password=client password
2016-02-03 21:42:52,929 INFO  - Save or update (commit):clientId=1, fio=client fio2, login=client login2, password=client password
2016-02-03 21:42:52,933 INFO  - saveOrUpdate(t):paymentId=2, amount=500.0, datePayment=Wed Feb 03 21:42:52 MSK 2016
2016-02-03 21:42:52,961 INFO  - Save or update (commit):paymentId=2, amount=500.0, datePayment=Wed Feb 03 21:42:52 MSK 2016
2016-02-03 21:42:53,133 INFO  - HHH000030: Cleaning up connection pool [jdbc:mysql://localhost:3306/optpayments]
2016-02-03 21:43:33,164 INFO  - HCANN000001: Hibernate Commons Annotations {4.0.5.Final}
2016-02-03 21:43:33,172 INFO  - HHH000412: Hibernate Core {4.3.6.Final}
2016-02-03 21:43:33,175 INFO  - HHH000206: hibernate.properties not found
2016-02-03 21:43:33,178 INFO  - HHH000021: Bytecode provider name : javassist
2016-02-03 21:43:33,206 INFO  - HHH000043: Configuring from resource: /hibernate.cfg.xml
2016-02-03 21:43:33,207 INFO  - HHH000040: Configuration resource: /hibernate.cfg.xml
2016-02-03 21:43:33,254 WARN  - HHH000223: Recognized obsolete hibernate namespace http://hibernate.sourceforge.net/. Use namespace http://www.hibernate.org/dtd/ instead. Refer to Hibernate 3.6 Migration Guide!
2016-02-03 21:43:33,289 INFO  - HHH000041: Configured SessionFactory: null
2016-02-03 21:43:33,386 WARN  - HHH000402: Using Hibernate built-in connection pool (not for production use!)
2016-02-03 21:43:33,394 INFO  - HHH000401: using driver [com.mysql.jdbc.Driver] at URL [jdbc:mysql://localhost:3306/optpayments]
2016-02-03 21:43:33,394 INFO  - HHH000046: Connection properties: {user=root, password=****}
2016-02-03 21:43:33,394 INFO  - HHH000006: Autocommit mode: false
2016-02-03 21:43:33,395 INFO  - HHH000115: Hibernate connection pool size: 10 (min=1)
2016-02-03 21:43:33,683 INFO  - HHH000400: Using dialect: org.hibernate.dialect.MySQLDialect
2016-02-03 21:43:33,878 INFO  - HHH000399: Using default transaction strategy (direct JDBC transactions)
2016-02-03 21:43:33,883 INFO  - HHH000397: Using ASTQueryTranslatorFactory
2016-02-03 21:43:34,307 INFO  - HHH000227: Running hbm2ddl schema export
2016-02-03 21:43:35,165 INFO  - HHH000230: Schema export complete
2016-02-03 21:43:35,291 INFO  - saveOrUpdate(t):clientId=1, fio=client fio2, login=client login2, password=client password
2016-02-03 21:43:35,331 INFO  - Save or update (commit):clientId=1, fio=client fio2, login=client login2, password=client password
2016-02-03 21:43:35,335 INFO  - saveOrUpdate(t):paymentId=2, amount=500.0, datePayment=Wed Feb 03 21:43:35 MSK 2016
2016-02-03 21:43:35,364 INFO  - Save or update (commit):paymentId=2, amount=500.0, datePayment=Wed Feb 03 21:43:35 MSK 2016
2016-02-03 21:43:35,528 INFO  - HHH000030: Cleaning up connection pool [jdbc:mysql://localhost:3306/optpayments]
2016-02-03 21:43:52,959 INFO  - HCANN000001: Hibernate Commons Annotations {4.0.5.Final}
2016-02-03 21:43:52,969 INFO  - HHH000412: Hibernate Core {4.3.6.Final}
2016-02-03 21:43:52,972 INFO  - HHH000206: hibernate.properties not found
2016-02-03 21:43:52,975 INFO  - HHH000021: Bytecode provider name : javassist
2016-02-03 21:43:52,999 INFO  - HHH000043: Configuring from resource: /hibernate.cfg.xml
2016-02-03 21:43:52,999 INFO  - HHH000040: Configuration resource: /hibernate.cfg.xml
2016-02-03 21:43:53,050 WARN  - HHH000223: Recognized obsolete hibernate namespace http://hibernate.sourceforge.net/. Use namespace http://www.hibernate.org/dtd/ instead. Refer to Hibernate 3.6 Migration Guide!
2016-02-03 21:43:53,086 INFO  - HHH000041: Configured SessionFactory: null
2016-02-03 21:43:53,189 WARN  - HHH000402: Using Hibernate built-in connection pool (not for production use!)
2016-02-03 21:43:53,196 INFO  - HHH000401: using driver [com.mysql.jdbc.Driver] at URL [jdbc:mysql://localhost:3306/optpayments]
2016-02-03 21:43:53,196 INFO  - HHH000046: Connection properties: {user=root, password=****}
2016-02-03 21:43:53,196 INFO  - HHH000006: Autocommit mode: false
2016-02-03 21:43:53,198 INFO  - HHH000115: Hibernate connection pool size: 10 (min=1)
2016-02-03 21:43:53,484 INFO  - HHH000400: Using dialect: org.hibernate.dialect.MySQLDialect
2016-02-03 21:43:53,689 INFO  - HHH000399: Using default transaction strategy (direct JDBC transactions)
2016-02-03 21:43:53,693 INFO  - HHH000397: Using ASTQueryTranslatorFactory
2016-02-03 21:43:54,121 INFO  - HHH000227: Running hbm2ddl schema export
2016-02-03 21:43:54,920 INFO  - HHH000230: Schema export complete
2016-02-03 21:43:55,056 INFO  - saveOrUpdate(t):clientId=1, fio=client fio2, login=client login2, password=client password
2016-02-03 21:43:55,098 INFO  - Save or update (commit):clientId=1, fio=client fio2, login=client login2, password=client password
2016-02-03 21:43:55,103 INFO  - saveOrUpdate(t):paymentId=2, amount=500.0, datePayment=Wed Feb 03 21:43:55 MSK 2016
2016-02-03 21:43:55,130 INFO  - Save or update (commit):paymentId=2, amount=500.0, datePayment=Wed Feb 03 21:43:55 MSK 2016
2016-02-03 21:43:55,320 INFO  - HHH000030: Cleaning up connection pool [jdbc:mysql://localhost:3306/optpayments]
2016-02-03 21:44:42,542 INFO  - HCANN000001: Hibernate Commons Annotations {4.0.5.Final}
2016-02-03 21:44:42,554 INFO  - HHH000412: Hibernate Core {4.3.6.Final}
2016-02-03 21:44:42,559 INFO  - HHH000206: hibernate.properties not found
2016-02-03 21:44:42,565 INFO  - HHH000021: Bytecode provider name : javassist
2016-02-03 21:44:42,608 INFO  - HHH000043: Configuring from resource: /hibernate.cfg.xml
2016-02-03 21:44:42,608 INFO  - HHH000040: Configuration resource: /hibernate.cfg.xml
2016-02-03 21:44:42,675 WARN  - HHH000223: Recognized obsolete hibernate namespace http://hibernate.sourceforge.net/. Use namespace http://www.hibernate.org/dtd/ instead. Refer to Hibernate 3.6 Migration Guide!
2016-02-03 21:44:42,725 INFO  - HHH000041: Configured SessionFactory: null
2016-02-03 21:44:42,861 WARN  - HHH000402: Using Hibernate built-in connection pool (not for production use!)
2016-02-03 21:44:42,869 INFO  - HHH000401: using driver [com.mysql.jdbc.Driver] at URL [jdbc:mysql://localhost:3306/optpayments]
2016-02-03 21:44:42,869 INFO  - HHH000046: Connection properties: {user=root, password=****}
2016-02-03 21:44:42,870 INFO  - HHH000006: Autocommit mode: false
2016-02-03 21:44:42,871 INFO  - HHH000115: Hibernate connection pool size: 10 (min=1)
2016-02-03 21:44:43,203 INFO  - HHH000400: Using dialect: org.hibernate.dialect.MySQLDialect
2016-02-03 21:44:43,429 INFO  - HHH000399: Using default transaction strategy (direct JDBC transactions)
2016-02-03 21:44:43,435 INFO  - HHH000397: Using ASTQueryTranslatorFactory
2016-02-03 21:44:43,919 INFO  - HHH000227: Running hbm2ddl schema export
2016-02-03 21:44:44,814 INFO  - HHH000230: Schema export complete
2016-02-03 21:44:45,087 INFO  - saveOrUpdate(t):clientId=1, fio=client fio2, login=client login2, password=client password
2016-02-03 21:44:45,157 INFO  - Save or update (commit):clientId=1, fio=client fio2, login=client login2, password=client password
2016-02-03 21:44:45,166 INFO  - saveOrUpdate(t):paymentId=2, amount=500.0, datePayment=Wed Feb 03 21:44:45 MSK 2016
2016-02-03 21:44:45,201 INFO  - Save or update (commit):paymentId=2, amount=500.0, datePayment=Wed Feb 03 21:44:45 MSK 2016
2016-02-03 21:44:45,490 INFO  - HHH000030: Cleaning up connection pool [jdbc:mysql://localhost:3306/optpayments]
